CRITICAL - 2023-12-21 10:41:31 --> Undefined array key "id_kas_mal"
in APPPATH\Views\kas-zakat-mal\v_kas_zakatmal_masuk.php on line 114.
 1 APPPATH\Views\kas-zakat-mal\v_kas_zakatmal_masuk.php(114): CodeIgniter\Debug\Exceptions->errorHandler(2, 'Undefined array key "id_kas_mal"', 'APPPATH\\Views\\kas-zakat-mal\\v_kas_zakatmal_masuk.php', 114)
 2 SYSTEMPATH\View\View.php(213): include('APPPATH\\Views\\kas-zakat-mal\\v_kas_zakatmal_masuk.php')
 3 SYSTEMPATH\View\View.php(216): CodeIgniter\View\View->CodeIgniter\View\{closure}()
 4 SYSTEMPATH\Common.php(1137): CodeIgniter\View\View->render('kas-zakat-mal/v_kas_zakatmal_masuk', [], true)
 5 APPPATH\Views\v_template_admin.php(343): view('kas-zakat-mal/v_kas_zakatmal_masuk')
 6 SYSTEMPATH\View\View.php(213): include('APPPATH\\Views\\v_template_admin.php')
 7 SYSTEMPATH\View\View.php(216): CodeIgniter\View\View->CodeIgniter\View\{closure}()
 8 SYSTEMPATH\Common.php(1137): CodeIgniter\View\View->render('v_template_admin', [], true)
 9 APPPATH\Controllers\KasMal.php(42): view('v_template_admin', [...])
10 SYSTEMPATH\CodeIgniter.php(904): App\Controllers\KasMal->KasMasuk()
11 SYSTEMPATH\CodeIgniter.php(457): CodeIgniter\CodeIgniter->runController(Object(App\Controllers\KasMal))
12 SYSTEMPATH\CodeIgniter.php(340): CodeIgniter\CodeIgniter->handleRequest(null, Object(Config\Cache), false)
13 FCPATH\index.php(67): CodeIgniter\CodeIgniter->run()
CRITICAL - 2023-12-21 10:41:43 --> Undefined array key "id_kas_mal"
in APPPATH\Views\kas-zakat-mal\v_kas_zakatmal_masuk.php on line 114.
 1 APPPATH\Views\kas-zakat-mal\v_kas_zakatmal_masuk.php(114): CodeIgniter\Debug\Exceptions->errorHandler(2, 'Undefined array key "id_kas_mal"', 'APPPATH\\Views\\kas-zakat-mal\\v_kas_zakatmal_masuk.php', 114)
 2 SYSTEMPATH\View\View.php(213): include('APPPATH\\Views\\kas-zakat-mal\\v_kas_zakatmal_masuk.php')
 3 SYSTEMPATH\View\View.php(216): CodeIgniter\View\View->CodeIgniter\View\{closure}()
 4 SYSTEMPATH\Common.php(1137): CodeIgniter\View\View->render('kas-zakat-mal/v_kas_zakatmal_masuk', [], true)
 5 APPPATH\Views\v_template_admin.php(343): view('kas-zakat-mal/v_kas_zakatmal_masuk')
 6 SYSTEMPATH\View\View.php(213): include('APPPATH\\Views\\v_template_admin.php')
 7 SYSTEMPATH\View\View.php(216): CodeIgniter\View\View->CodeIgniter\View\{closure}()
 8 SYSTEMPATH\Common.php(1137): CodeIgniter\View\View->render('v_template_admin', [], true)
 9 APPPATH\Controllers\KasMal.php(42): view('v_template_admin', [...])
10 SYSTEMPATH\CodeIgniter.php(904): App\Controllers\KasMal->KasMasuk()
11 SYSTEMPATH\CodeIgniter.php(457): CodeIgniter\CodeIgniter->runController(Object(App\Controllers\KasMal))
12 SYSTEMPATH\CodeIgniter.php(340): CodeIgniter\CodeIgniter->handleRequest(null, Object(Config\Cache), false)
13 FCPATH\index.php(67): CodeIgniter\CodeIgniter->run()
CRITICAL - 2023-12-21 10:41:46 --> Undefined array key "id_kas_mal"
in APPPATH\Views\kas-zakat-mal\v_kas_zakatmal_masuk.php on line 114.
 1 APPPATH\Views\kas-zakat-mal\v_kas_zakatmal_masuk.php(114): CodeIgniter\Debug\Exceptions->errorHandler(2, 'Undefined array key "id_kas_mal"', 'APPPATH\\Views\\kas-zakat-mal\\v_kas_zakatmal_masuk.php', 114)
 2 SYSTEMPATH\View\View.php(213): include('APPPATH\\Views\\kas-zakat-mal\\v_kas_zakatmal_masuk.php')
 3 SYSTEMPATH\View\View.php(216): CodeIgniter\View\View->CodeIgniter\View\{closure}()
 4 SYSTEMPATH\Common.php(1137): CodeIgniter\View\View->render('kas-zakat-mal/v_kas_zakatmal_masuk', [], true)
 5 APPPATH\Views\v_template_admin.php(343): view('kas-zakat-mal/v_kas_zakatmal_masuk')
 6 SYSTEMPATH\View\View.php(213): include('APPPATH\\Views\\v_template_admin.php')
 7 SYSTEMPATH\View\View.php(216): CodeIgniter\View\View->CodeIgniter\View\{closure}()
 8 SYSTEMPATH\Common.php(1137): CodeIgniter\View\View->render('v_template_admin', [], true)
 9 APPPATH\Controllers\KasMal.php(42): view('v_template_admin', [...])
10 SYSTEMPATH\CodeIgniter.php(904): App\Controllers\KasMal->KasMasuk()
11 SYSTEMPATH\CodeIgniter.php(457): CodeIgniter\CodeIgniter->runController(Object(App\Controllers\KasMal))
12 SYSTEMPATH\CodeIgniter.php(340): CodeIgniter\CodeIgniter->handleRequest(null, Object(Config\Cache), false)
13 FCPATH\index.php(67): CodeIgniter\CodeIgniter->run()
CRITICAL - 2023-12-21 10:42:01 --> Undefined array key "id_kas_Mal"
in APPPATH\Views\kas-zakat-mal\v_kas_zakatmal_masuk.php on line 114.
 1 APPPATH\Views\kas-zakat-mal\v_kas_zakatmal_masuk.php(114): CodeIgniter\Debug\Exceptions->errorHandler(2, 'Undefined array key "id_kas_Mal"', 'APPPATH\\Views\\kas-zakat-mal\\v_kas_zakatmal_masuk.php', 114)
 2 SYSTEMPATH\View\View.php(213): include('APPPATH\\Views\\kas-zakat-mal\\v_kas_zakatmal_masuk.php')
 3 SYSTEMPATH\View\View.php(216): CodeIgniter\View\View->CodeIgniter\View\{closure}()
 4 SYSTEMPATH\Common.php(1137): CodeIgniter\View\View->render('kas-zakat-mal/v_kas_zakatmal_masuk', [], true)
 5 APPPATH\Views\v_template_admin.php(343): view('kas-zakat-mal/v_kas_zakatmal_masuk')
 6 SYSTEMPATH\View\View.php(213): include('APPPATH\\Views\\v_template_admin.php')
 7 SYSTEMPATH\View\View.php(216): CodeIgniter\View\View->CodeIgniter\View\{closure}()
 8 SYSTEMPATH\Common.php(1137): CodeIgniter\View\View->render('v_template_admin', [], true)
 9 APPPATH\Controllers\KasMal.php(42): view('v_template_admin', [...])
10 SYSTEMPATH\CodeIgniter.php(904): App\Controllers\KasMal->KasMasuk()
11 SYSTEMPATH\CodeIgniter.php(457): CodeIgniter\CodeIgniter->runController(Object(App\Controllers\KasMal))
12 SYSTEMPATH\CodeIgniter.php(340): CodeIgniter\CodeIgniter->handleRequest(null, Object(Config\Cache), false)
13 FCPATH\index.php(67): CodeIgniter\CodeIgniter->run()
