ERROR - 2023-12-19 16:08:33 --> mysqli_sql_exception: Unknown column 'nama_bank' in 'field list' in C:\laragon\www\SiMasjid_PPL\system\Database\MySQLi\Connection.php:292
Stack trace:
#0 C:\laragon\www\SiMasjid_PPL\system\Database\MySQLi\Connection.php(292): mysqli->query('UPDATE `tbl_rek...', 0)
#1 C:\laragon\www\SiMasjid_PPL\system\Database\BaseConnection.php(693): CodeIgniter\Database\MySQLi\Connection->execute('UPDATE `tbl_rek...')
#2 C:\laragon\www\SiMasjid_PPL\system\Database\BaseConnection.php(620): CodeIgniter\Database\BaseConnection->simpleQuery('UPDATE `tbl_rek...')
#3 C:\laragon\www\SiMasjid_PPL\system\Database\BaseBuilder.php(2078): CodeIgniter\Database\BaseConnection->query('UPDATE `tbl_rek...', Array, false)
#4 C:\laragon\www\SiMasjid_PPL\app\Models\ModelRekening.php(30): CodeIgniter\Database\BaseBuilder->update(Array)
#5 C:\laragon\www\SiMasjid_PPL\app\Controllers\Rekening.php(52): App\Models\ModelRekening->updateData(Array)
#6 C:\laragon\www\SiMasjid_PPL\system\CodeIgniter.php(904): App\Controllers\Rekening->UpdateData('14')
#7 C:\laragon\www\SiMasjid_PPL\system\CodeIgniter.php(457): CodeIgniter\CodeIgniter->runController(Object(App\Controllers\Rekening))
#8 C:\laragon\www\SiMasjid_PPL\system\CodeIgniter.php(340): CodeIgniter\CodeIgniter->handleRequest(NULL, Object(Config\Cache), false)
#9 C:\laragon\www\SiMasjid_PPL\public\index.php(67): CodeIgniter\CodeIgniter->run()
#10 {main}
CRITICAL - 2023-12-19 16:08:33 --> Unknown column 'nama_bank' in 'field list'
in SYSTEMPATH\Database\MySQLi\Connection.php on line 292.
 1 SYSTEMPATH\Database\MySQLi\Connection.php(292): mysqli->query('UPDATE `tbl_rekening` SET `id_rekening` = \'14\', `nama_bank` = NULL, `no_rek` = \'2756-2355-2355-2623\', `atas_nama` = \'Masjid AL_KHAIRR\'
WHERE `id_rekening` = \'14\'', 0)
 2 SYSTEMPATH\Database\BaseConnection.php(693): CodeIgniter\Database\MySQLi\Connection->execute('UPDATE `tbl_rekening` SET `id_rekening` = \'14\', `nama_bank` = NULL, `no_rek` = \'2756-2355-2355-2623\', `atas_nama` = \'Masjid AL_KHAIRR\'
WHERE `id_rekening` = \'14\'')
 3 SYSTEMPATH\Database\BaseConnection.php(620): CodeIgniter\Database\BaseConnection->simpleQuery('UPDATE `tbl_rekening` SET `id_rekening` = \'14\', `nama_bank` = NULL, `no_rek` = \'2756-2355-2355-2623\', `atas_nama` = \'Masjid AL_KHAIRR\'
WHERE `id_rekening` = \'14\'')
 4 SYSTEMPATH\Database\BaseBuilder.php(2078): CodeIgniter\Database\BaseConnection->query('UPDATE `tbl_rekening` SET `id_rekening` = :id_rekening.1:, `nama_bank` = :nama_bank:, `no_rek` = :no_rek:, `atas_nama` = :atas_nama:
WHERE `id_rekening` = :id_rekening:', [...], false)
 5 APPPATH\Models\ModelRekening.php(30): CodeIgniter\Database\BaseBuilder->update([...])
 6 APPPATH\Controllers\Rekening.php(52): App\Models\ModelRekening->updateData([...])
 7 SYSTEMPATH\CodeIgniter.php(904): App\Controllers\Rekening->UpdateData('14')
 8 SYSTEMPATH\CodeIgniter.php(457): CodeIgniter\CodeIgniter->runController(Object(App\Controllers\Rekening))
 9 SYSTEMPATH\CodeIgniter.php(340): CodeIgniter\CodeIgniter->handleRequest(null, Object(Config\Cache), false)
10 FCPATH\index.php(67): CodeIgniter\CodeIgniter->run()
CRITICAL - 2023-12-19 16:14:23 --> file_get_contents(https://api.myquran.com/v1/sholat/kota/semua): Failed to open stream: HTTP request failed! HTTP/1.1 522 

in APPPATH\Controllers\Admin.php on line 45.
 1 [internal function]: CodeIgniter\Debug\Exceptions->errorHandler(2, 'file_get_contents(https://api.myquran.com/v1/sholat/kota/semua): Failed to open stream: HTTP request failed! HTTP/1.1 522 
', 'APPPATH\\Controllers\\Admin.php', 45)
 2 APPPATH\Controllers\Admin.php(45): file_get_contents('https://api.myquran.com/v1/sholat/kota/semua')
 3 SYSTEMPATH\CodeIgniter.php(904): App\Controllers\Admin->Setting()
 4 SYSTEMPATH\CodeIgniter.php(457): CodeIgniter\CodeIgniter->runController(Object(App\Controllers\Admin))
 5 SYSTEMPATH\CodeIgniter.php(340): CodeIgniter\CodeIgniter->handleRequest(null, Object(Config\Cache), false)
 6 FCPATH\index.php(67): CodeIgniter\CodeIgniter->run()
CRITICAL - 2023-12-19 16:14:54 --> file_get_contents(https://api.myquran.com/v1/sholat/kota/semua): Failed to open stream: HTTP request failed! HTTP/1.1 522 

in APPPATH\Controllers\Admin.php on line 45.
 1 [internal function]: CodeIgniter\Debug\Exceptions->errorHandler(2, 'file_get_contents(https://api.myquran.com/v1/sholat/kota/semua): Failed to open stream: HTTP request failed! HTTP/1.1 522 
', 'APPPATH\\Controllers\\Admin.php', 45)
 2 APPPATH\Controllers\Admin.php(45): file_get_contents('https://api.myquran.com/v1/sholat/kota/semua')
 3 SYSTEMPATH\CodeIgniter.php(904): App\Controllers\Admin->Setting()
 4 SYSTEMPATH\CodeIgniter.php(457): CodeIgniter\CodeIgniter->runController(Object(App\Controllers\Admin))
 5 SYSTEMPATH\CodeIgniter.php(340): CodeIgniter\CodeIgniter->handleRequest(null, Object(Config\Cache), false)
 6 FCPATH\index.php(67): CodeIgniter\CodeIgniter->run()
CRITICAL - 2023-12-19 16:15:26 --> file_get_contents(https://api.myquran.com/v1/sholat/kota/semua): Failed to open stream: HTTP request failed! HTTP/1.1 522 

in APPPATH\Controllers\Admin.php on line 45.
 1 [internal function]: CodeIgniter\Debug\Exceptions->errorHandler(2, 'file_get_contents(https://api.myquran.com/v1/sholat/kota/semua): Failed to open stream: HTTP request failed! HTTP/1.1 522 
', 'APPPATH\\Controllers\\Admin.php', 45)
 2 APPPATH\Controllers\Admin.php(45): file_get_contents('https://api.myquran.com/v1/sholat/kota/semua')
 3 SYSTEMPATH\CodeIgniter.php(904): App\Controllers\Admin->Setting()
 4 SYSTEMPATH\CodeIgniter.php(457): CodeIgniter\CodeIgniter->runController(Object(App\Controllers\Admin))
 5 SYSTEMPATH\CodeIgniter.php(340): CodeIgniter\CodeIgniter->handleRequest(null, Object(Config\Cache), false)
 6 FCPATH\index.php(67): CodeIgniter\CodeIgniter->run()
CRITICAL - 2023-12-19 16:15:57 --> file_get_contents(https://api.myquran.com/v1/sholat/kota/semua): Failed to open stream: HTTP request failed! HTTP/1.1 522 

in APPPATH\Controllers\Admin.php on line 45.
 1 [internal function]: CodeIgniter\Debug\Exceptions->errorHandler(2, 'file_get_contents(https://api.myquran.com/v1/sholat/kota/semua): Failed to open stream: HTTP request failed! HTTP/1.1 522 
', 'APPPATH\\Controllers\\Admin.php', 45)
 2 APPPATH\Controllers\Admin.php(45): file_get_contents('https://api.myquran.com/v1/sholat/kota/semua')
 3 SYSTEMPATH\CodeIgniter.php(904): App\Controllers\Admin->Setting()
 4 SYSTEMPATH\CodeIgniter.php(457): CodeIgniter\CodeIgniter->runController(Object(App\Controllers\Admin))
 5 SYSTEMPATH\CodeIgniter.php(340): CodeIgniter\CodeIgniter->handleRequest(null, Object(Config\Cache), false)
 6 FCPATH\index.php(67): CodeIgniter\CodeIgniter->run()
CRITICAL - 2023-12-19 16:16:28 --> file_get_contents(https://api.myquran.com/v1/sholat/kota/semua): Failed to open stream: HTTP request failed! HTTP/1.1 522 

in APPPATH\Controllers\Admin.php on line 45.
 1 [internal function]: CodeIgniter\Debug\Exceptions->errorHandler(2, 'file_get_contents(https://api.myquran.com/v1/sholat/kota/semua): Failed to open stream: HTTP request failed! HTTP/1.1 522 
', 'APPPATH\\Controllers\\Admin.php', 45)
 2 APPPATH\Controllers\Admin.php(45): file_get_contents('https://api.myquran.com/v1/sholat/kota/semua')
 3 SYSTEMPATH\CodeIgniter.php(904): App\Controllers\Admin->Setting()
 4 SYSTEMPATH\CodeIgniter.php(457): CodeIgniter\CodeIgniter->runController(Object(App\Controllers\Admin))
 5 SYSTEMPATH\CodeIgniter.php(340): CodeIgniter\CodeIgniter->handleRequest(null, Object(Config\Cache), false)
 6 FCPATH\index.php(67): CodeIgniter\CodeIgniter->run()
CRITICAL - 2023-12-19 16:16:59 --> file_get_contents(https://api.myquran.com/v1/sholat/kota/semua): Failed to open stream: HTTP request failed! HTTP/1.1 522 

in APPPATH\Controllers\Admin.php on line 45.
 1 [internal function]: CodeIgniter\Debug\Exceptions->errorHandler(2, 'file_get_contents(https://api.myquran.com/v1/sholat/kota/semua): Failed to open stream: HTTP request failed! HTTP/1.1 522 
', 'APPPATH\\Controllers\\Admin.php', 45)
 2 APPPATH\Controllers\Admin.php(45): file_get_contents('https://api.myquran.com/v1/sholat/kota/semua')
 3 SYSTEMPATH\CodeIgniter.php(904): App\Controllers\Admin->Setting()
 4 SYSTEMPATH\CodeIgniter.php(457): CodeIgniter\CodeIgniter->runController(Object(App\Controllers\Admin))
 5 SYSTEMPATH\CodeIgniter.php(340): CodeIgniter\CodeIgniter->handleRequest(null, Object(Config\Cache), false)
 6 FCPATH\index.php(67): CodeIgniter\CodeIgniter->run()
CRITICAL - 2023-12-19 16:19:20 --> Undefined variable $kota
in APPPATH\Controllers\Admin.php on line 52.
 1 APPPATH\Controllers\Admin.php(52): CodeIgniter\Debug\Exceptions->errorHandler(2, 'Undefined variable $kota', 'APPPATH\\Controllers\\Admin.php', 52)
 2 SYSTEMPATH\CodeIgniter.php(904): App\Controllers\Admin->Setting()
 3 SYSTEMPATH\CodeIgniter.php(457): CodeIgniter\CodeIgniter->runController(Object(App\Controllers\Admin))
 4 SYSTEMPATH\CodeIgniter.php(340): CodeIgniter\CodeIgniter->handleRequest(null, Object(Config\Cache), false)
 5 FCPATH\index.php(67): CodeIgniter\CodeIgniter->run()
CRITICAL - 2023-12-19 16:19:30 --> Undefined variable $kota
in APPPATH\Views\v_setting.php on line 23.
 1 APPPATH\Views\v_setting.php(23): CodeIgniter\Debug\Exceptions->errorHandler(2, 'Undefined variable $kota', 'APPPATH\\Views\\v_setting.php', 23)
 2 SYSTEMPATH\View\View.php(213): include('APPPATH\\Views\\v_setting.php')
 3 SYSTEMPATH\View\View.php(216): CodeIgniter\View\View->CodeIgniter\View\{closure}()
 4 SYSTEMPATH\Common.php(1137): CodeIgniter\View\View->render('v_setting', [], true)
 5 APPPATH\Views\v_template_admin.php(343): view('v_setting')
 6 SYSTEMPATH\View\View.php(213): include('APPPATH\\Views\\v_template_admin.php')
 7 SYSTEMPATH\View\View.php(216): CodeIgniter\View\View->CodeIgniter\View\{closure}()
 8 SYSTEMPATH\Common.php(1137): CodeIgniter\View\View->render('v_template_admin', [], true)
 9 APPPATH\Controllers\Admin.php(54): view('v_template_admin', [...])
10 SYSTEMPATH\CodeIgniter.php(904): App\Controllers\Admin->Setting()
11 SYSTEMPATH\CodeIgniter.php(457): CodeIgniter\CodeIgniter->runController(Object(App\Controllers\Admin))
12 SYSTEMPATH\CodeIgniter.php(340): CodeIgniter\CodeIgniter->handleRequest(null, Object(Config\Cache), false)
13 FCPATH\index.php(67): CodeIgniter\CodeIgniter->run()
CRITICAL - 2023-12-19 16:19:55 --> Undefined variable $kota
in APPPATH\Views\v_setting.php on line 23.
 1 APPPATH\Views\v_setting.php(23): CodeIgniter\Debug\Exceptions->errorHandler(2, 'Undefined variable $kota', 'APPPATH\\Views\\v_setting.php', 23)
 2 SYSTEMPATH\View\View.php(213): include('APPPATH\\Views\\v_setting.php')
 3 SYSTEMPATH\View\View.php(216): CodeIgniter\View\View->CodeIgniter\View\{closure}()
 4 SYSTEMPATH\Common.php(1137): CodeIgniter\View\View->render('v_setting', [], true)
 5 APPPATH\Views\v_template_admin.php(343): view('v_setting')
 6 SYSTEMPATH\View\View.php(213): include('APPPATH\\Views\\v_template_admin.php')
 7 SYSTEMPATH\View\View.php(216): CodeIgniter\View\View->CodeIgniter\View\{closure}()
 8 SYSTEMPATH\Common.php(1137): CodeIgniter\View\View->render('v_template_admin', [], true)
 9 APPPATH\Controllers\Admin.php(54): view('v_template_admin', [...])
10 SYSTEMPATH\CodeIgniter.php(904): App\Controllers\Admin->Setting()
11 SYSTEMPATH\CodeIgniter.php(457): CodeIgniter\CodeIgniter->runController(Object(App\Controllers\Admin))
12 SYSTEMPATH\CodeIgniter.php(340): CodeIgniter\CodeIgniter->handleRequest(null, Object(Config\Cache), false)
13 FCPATH\index.php(67): CodeIgniter\CodeIgniter->run()
