CRITICAL - 2022-12-12 11:32:51 --> syntax error, unexpected identifier "l", expecting "function" or "const"
in APPPATH\Controllers\KasMal.php on line 17.
 1 SYSTEMPATH\Router\Router.php(499): CodeIgniter\Router\AutoRouter->getRoute('KasMal/KasMasuk')
 2 SYSTEMPATH\Router\Router.php(205): CodeIgniter\Router\Router->autoRoute('KasMal/KasMasuk')
 3 SYSTEMPATH\CodeIgniter.php(779): CodeIgniter\Router\Router->handle('KasMal/KasMasuk')
 4 SYSTEMPATH\CodeIgniter.php(406): CodeIgniter\CodeIgniter->tryToRouteIt(Object(CodeIgniter\Router\RouteCollection))
 5 SYSTEMPATH\CodeIgniter.php(340): CodeIgniter\CodeIgniter->handleRequest(null, Object(Config\Cache), false)
 6 FCPATH\index.php(67): CodeIgniter\CodeIgniter->run()
 7 SYSTEMPATH\Commands\Server\rewrite.php(43): require_once('FCPATH\\index.php')
ERROR - 2022-12-12 12:59:11 --> mysqli_sql_exception: Table 'db-simasjid-ci4.tbl_kas_mal' doesn't exist in C:\xampp\htdocs\simasjid-ci4\system\Database\MySQLi\Connection.php:292
Stack trace:
#0 C:\xampp\htdocs\simasjid-ci4\system\Database\MySQLi\Connection.php(292): mysqli->query('DELETE FROM `tb...', 0)
#1 C:\xampp\htdocs\simasjid-ci4\system\Database\BaseConnection.php(693): CodeIgniter\Database\MySQLi\Connection->execute('DELETE FROM `tb...')
#2 C:\xampp\htdocs\simasjid-ci4\system\Database\BaseConnection.php(620): CodeIgniter\Database\BaseConnection->simpleQuery('DELETE FROM `tb...')
#3 C:\xampp\htdocs\simasjid-ci4\system\Database\BaseBuilder.php(2390): CodeIgniter\Database\BaseConnection->query('DELETE FROM `tb...', Array, false)
#4 C:\xampp\htdocs\simasjid-ci4\app\Models\ModelKasMal.php(45): CodeIgniter\Database\BaseBuilder->delete(Array)
#5 C:\xampp\htdocs\simasjid-ci4\app\Controllers\KasMal.php(116): App\Models\ModelKasMal->DeleteData(Array)
#6 C:\xampp\htdocs\simasjid-ci4\system\CodeIgniter.php(904): App\Controllers\KasMal->DeleteKasMasuk('6')
#7 C:\xampp\htdocs\simasjid-ci4\system\CodeIgniter.php(457): CodeIgniter\CodeIgniter->runController(Object(App\Controllers\KasMal))
#8 C:\xampp\htdocs\simasjid-ci4\system\CodeIgniter.php(340): CodeIgniter\CodeIgniter->handleRequest(NULL, Object(Config\Cache), false)
#9 C:\xampp\htdocs\simasjid-ci4\public\index.php(67): CodeIgniter\CodeIgniter->run()
#10 C:\xampp\htdocs\simasjid-ci4\system\Commands\Server\rewrite.php(43): require_once('C:\\xampp\\htdocs...')
#11 {main}
CRITICAL - 2022-12-12 12:59:11 --> Table 'db-simasjid-ci4.tbl_kas_mal' doesn't exist
in SYSTEMPATH\Database\MySQLi\Connection.php on line 292.
 1 SYSTEMPATH\Database\MySQLi\Connection.php(292): mysqli->query('DELETE FROM `tbl_kas_mal`
WHERE `id_kas_zakatmal` = \'6\'
AND `id_kas_masjid` = \'6\'', 0)
 2 SYSTEMPATH\Database\BaseConnection.php(693): CodeIgniter\Database\MySQLi\Connection->execute('DELETE FROM `tbl_kas_mal`
WHERE `id_kas_zakatmal` = \'6\'
AND `id_kas_masjid` = \'6\'')
 3 SYSTEMPATH\Database\BaseConnection.php(620): CodeIgniter\Database\BaseConnection->simpleQuery('DELETE FROM `tbl_kas_mal`
WHERE `id_kas_zakatmal` = \'6\'
AND `id_kas_masjid` = \'6\'')
 4 SYSTEMPATH\Database\BaseBuilder.php(2390): CodeIgniter\Database\BaseConnection->query('DELETE FROM `tbl_kas_mal`
WHERE `id_kas_zakatmal` = :id_kas_zakatmal:
AND `id_kas_masjid` = :id_kas_masjid:', [...], false)
 5 APPPATH\Models\ModelKasMal.php(45): CodeIgniter\Database\BaseBuilder->delete([...])
 6 APPPATH\Controllers\KasMal.php(116): App\Models\ModelKasMal->DeleteData([...])
 7 SYSTEMPATH\CodeIgniter.php(904): App\Controllers\KasMal->DeleteKasMasuk('6')
 8 SYSTEMPATH\CodeIgniter.php(457): CodeIgniter\CodeIgniter->runController(Object(App\Controllers\KasMal))
 9 SYSTEMPATH\CodeIgniter.php(340): CodeIgniter\CodeIgniter->handleRequest(null, Object(Config\Cache), false)
10 FCPATH\index.php(67): CodeIgniter\CodeIgniter->run()
11 SYSTEMPATH\Commands\Server\rewrite.php(43): require_once('FCPATH\\index.php')
ERROR - 2022-12-12 13:00:01 --> mysqli_sql_exception: Table 'db-simasjid-ci4.tbl_kas_mal' doesn't exist in C:\xampp\htdocs\simasjid-ci4\system\Database\MySQLi\Connection.php:292
Stack trace:
#0 C:\xampp\htdocs\simasjid-ci4\system\Database\MySQLi\Connection.php(292): mysqli->query('DELETE FROM `tb...', 0)
#1 C:\xampp\htdocs\simasjid-ci4\system\Database\BaseConnection.php(693): CodeIgniter\Database\MySQLi\Connection->execute('DELETE FROM `tb...')
#2 C:\xampp\htdocs\simasjid-ci4\system\Database\BaseConnection.php(620): CodeIgniter\Database\BaseConnection->simpleQuery('DELETE FROM `tb...')
#3 C:\xampp\htdocs\simasjid-ci4\system\Database\BaseBuilder.php(2390): CodeIgniter\Database\BaseConnection->query('DELETE FROM `tb...', Array, false)
#4 C:\xampp\htdocs\simasjid-ci4\app\Models\ModelKasMal.php(45): CodeIgniter\Database\BaseBuilder->delete(Array)
#5 C:\xampp\htdocs\simasjid-ci4\app\Controllers\KasMal.php(116): App\Models\ModelKasMal->DeleteData(Array)
#6 C:\xampp\htdocs\simasjid-ci4\system\CodeIgniter.php(904): App\Controllers\KasMal->DeleteKasMasuk('6')
#7 C:\xampp\htdocs\simasjid-ci4\system\CodeIgniter.php(457): CodeIgniter\CodeIgniter->runController(Object(App\Controllers\KasMal))
#8 C:\xampp\htdocs\simasjid-ci4\system\CodeIgniter.php(340): CodeIgniter\CodeIgniter->handleRequest(NULL, Object(Config\Cache), false)
#9 C:\xampp\htdocs\simasjid-ci4\public\index.php(67): CodeIgniter\CodeIgniter->run()
#10 C:\xampp\htdocs\simasjid-ci4\system\Commands\Server\rewrite.php(43): require_once('C:\\xampp\\htdocs...')
#11 {main}
CRITICAL - 2022-12-12 13:00:01 --> Table 'db-simasjid-ci4.tbl_kas_mal' doesn't exist
in SYSTEMPATH\Database\MySQLi\Connection.php on line 292.
 1 SYSTEMPATH\Database\MySQLi\Connection.php(292): mysqli->query('DELETE FROM `tbl_kas_mal`
WHERE `id_kas_zakatmal` = \'6\'
AND `id_kas_masjid` = \'6\'', 0)
 2 SYSTEMPATH\Database\BaseConnection.php(693): CodeIgniter\Database\MySQLi\Connection->execute('DELETE FROM `tbl_kas_mal`
WHERE `id_kas_zakatmal` = \'6\'
AND `id_kas_masjid` = \'6\'')
 3 SYSTEMPATH\Database\BaseConnection.php(620): CodeIgniter\Database\BaseConnection->simpleQuery('DELETE FROM `tbl_kas_mal`
WHERE `id_kas_zakatmal` = \'6\'
AND `id_kas_masjid` = \'6\'')
 4 SYSTEMPATH\Database\BaseBuilder.php(2390): CodeIgniter\Database\BaseConnection->query('DELETE FROM `tbl_kas_mal`
WHERE `id_kas_zakatmal` = :id_kas_zakatmal:
AND `id_kas_masjid` = :id_kas_masjid:', [...], false)
 5 APPPATH\Models\ModelKasMal.php(45): CodeIgniter\Database\BaseBuilder->delete([...])
 6 APPPATH\Controllers\KasMal.php(116): App\Models\ModelKasMal->DeleteData([...])
 7 SYSTEMPATH\CodeIgniter.php(904): App\Controllers\KasMal->DeleteKasMasuk('6')
 8 SYSTEMPATH\CodeIgniter.php(457): CodeIgniter\CodeIgniter->runController(Object(App\Controllers\KasMal))
 9 SYSTEMPATH\CodeIgniter.php(340): CodeIgniter\CodeIgniter->handleRequest(null, Object(Config\Cache), false)
10 FCPATH\index.php(67): CodeIgniter\CodeIgniter->run()
11 SYSTEMPATH\Commands\Server\rewrite.php(43): require_once('FCPATH\\index.php')
CRITICAL - 2022-12-12 13:04:00 --> Undefined property: App\Controllers\KasMal::$ModelKasMasjid
in APPPATH\Controllers\KasMal.php on line 126.
 1 APPPATH\Controllers\KasMal.php(126): CodeIgniter\Debug\Exceptions->errorHandler(2, 'Undefined property: App\\Controllers\\KasMal::$ModelKasMasjid', 'APPPATH\\Controllers\\KasMal.php', 126)
 2 SYSTEMPATH\CodeIgniter.php(904): App\Controllers\KasMal->DeleteKasKeluar('4')
 3 SYSTEMPATH\CodeIgniter.php(457): CodeIgniter\CodeIgniter->runController(Object(App\Controllers\KasMal))
 4 SYSTEMPATH\CodeIgniter.php(340): CodeIgniter\CodeIgniter->handleRequest(null, Object(Config\Cache), false)
 5 FCPATH\index.php(67): CodeIgniter\CodeIgniter->run()
 6 SYSTEMPATH\Commands\Server\rewrite.php(43): require_once('FCPATH\\index.php')
CRITICAL - 2022-12-12 13:04:23 --> Undefined array key "id_kas_zakatmal"
in APPPATH\Models\ModelKasMal.php on line 37.
 1 APPPATH\Models\ModelKasMal.php(37): CodeIgniter\Debug\Exceptions->errorHandler(2, 'Undefined array key "id_kas_zakatmal"', 'APPPATH\\Models\\ModelKasMal.php', 37)
 2 APPPATH\Controllers\KasMal.php(93): App\Models\ModelKasMal->updateData([...])
 3 SYSTEMPATH\CodeIgniter.php(904): App\Controllers\KasMal->UpdateKasMasuk('6')
 4 SYSTEMPATH\CodeIgniter.php(457): CodeIgniter\CodeIgniter->runController(Object(App\Controllers\KasMal))
 5 SYSTEMPATH\CodeIgniter.php(340): CodeIgniter\CodeIgniter->handleRequest(null, Object(Config\Cache), false)
 6 FCPATH\index.php(67): CodeIgniter\CodeIgniter->run()
 7 SYSTEMPATH\Commands\Server\rewrite.php(43): require_once('FCPATH\\index.php')
ERROR - 2022-12-12 13:07:57 --> mysqli_sql_exception: Table 'db-simasjid-ci4.tbl_kas_mal' doesn't exist in C:\xampp\htdocs\simasjid-ci4\system\Database\MySQLi\Connection.php:292
Stack trace:
#0 C:\xampp\htdocs\simasjid-ci4\system\Database\MySQLi\Connection.php(292): mysqli->query('DELETE FROM `tb...', 0)
#1 C:\xampp\htdocs\simasjid-ci4\system\Database\BaseConnection.php(693): CodeIgniter\Database\MySQLi\Connection->execute('DELETE FROM `tb...')
#2 C:\xampp\htdocs\simasjid-ci4\system\Database\BaseConnection.php(620): CodeIgniter\Database\BaseConnection->simpleQuery('DELETE FROM `tb...')
#3 C:\xampp\htdocs\simasjid-ci4\system\Database\BaseBuilder.php(2390): CodeIgniter\Database\BaseConnection->query('DELETE FROM `tb...', Array, false)
#4 C:\xampp\htdocs\simasjid-ci4\app\Models\ModelKasMal.php(45): CodeIgniter\Database\BaseBuilder->delete(Array)
#5 C:\xampp\htdocs\simasjid-ci4\app\Controllers\KasMal.php(116): App\Models\ModelKasMal->DeleteData(Array)
#6 C:\xampp\htdocs\simasjid-ci4\system\CodeIgniter.php(904): App\Controllers\KasMal->DeleteKasMasuk('6')
#7 C:\xampp\htdocs\simasjid-ci4\system\CodeIgniter.php(457): CodeIgniter\CodeIgniter->runController(Object(App\Controllers\KasMal))
#8 C:\xampp\htdocs\simasjid-ci4\system\CodeIgniter.php(340): CodeIgniter\CodeIgniter->handleRequest(NULL, Object(Config\Cache), false)
#9 C:\xampp\htdocs\simasjid-ci4\public\index.php(67): CodeIgniter\CodeIgniter->run()
#10 C:\xampp\htdocs\simasjid-ci4\system\Commands\Server\rewrite.php(43): require_once('C:\\xampp\\htdocs...')
#11 {main}
CRITICAL - 2022-12-12 13:07:57 --> Table 'db-simasjid-ci4.tbl_kas_mal' doesn't exist
in SYSTEMPATH\Database\MySQLi\Connection.php on line 292.
 1 SYSTEMPATH\Database\MySQLi\Connection.php(292): mysqli->query('DELETE FROM `tbl_kas_mal`
WHERE `id_kas_zakatmal` = \'6\'
AND `id_kas_masjid` = \'6\'', 0)
 2 SYSTEMPATH\Database\BaseConnection.php(693): CodeIgniter\Database\MySQLi\Connection->execute('DELETE FROM `tbl_kas_mal`
WHERE `id_kas_zakatmal` = \'6\'
AND `id_kas_masjid` = \'6\'')
 3 SYSTEMPATH\Database\BaseConnection.php(620): CodeIgniter\Database\BaseConnection->simpleQuery('DELETE FROM `tbl_kas_mal`
WHERE `id_kas_zakatmal` = \'6\'
AND `id_kas_masjid` = \'6\'')
 4 SYSTEMPATH\Database\BaseBuilder.php(2390): CodeIgniter\Database\BaseConnection->query('DELETE FROM `tbl_kas_mal`
WHERE `id_kas_zakatmal` = :id_kas_zakatmal:
AND `id_kas_masjid` = :id_kas_masjid:', [...], false)
 5 APPPATH\Models\ModelKasMal.php(45): CodeIgniter\Database\BaseBuilder->delete([...])
 6 APPPATH\Controllers\KasMal.php(116): App\Models\ModelKasMal->DeleteData([...])
 7 SYSTEMPATH\CodeIgniter.php(904): App\Controllers\KasMal->DeleteKasMasuk('6')
 8 SYSTEMPATH\CodeIgniter.php(457): CodeIgniter\CodeIgniter->runController(Object(App\Controllers\KasMal))
 9 SYSTEMPATH\CodeIgniter.php(340): CodeIgniter\CodeIgniter->handleRequest(null, Object(Config\Cache), false)
10 FCPATH\index.php(67): CodeIgniter\CodeIgniter->run()
11 SYSTEMPATH\Commands\Server\rewrite.php(43): require_once('FCPATH\\index.php')
CRITICAL - 2022-12-12 13:12:11 --> Undefined array key "id_kas_masjid"
in APPPATH\Models\ModelKasMal.php on line 44.
 1 APPPATH\Models\ModelKasMal.php(44): CodeIgniter\Debug\Exceptions->errorHandler(2, 'Undefined array key "id_kas_masjid"', 'APPPATH\\Models\\ModelKasMal.php', 44)
 2 APPPATH\Controllers\KasMal.php(116): App\Models\ModelKasMal->DeleteData([...])
 3 SYSTEMPATH\CodeIgniter.php(904): App\Controllers\KasMal->DeleteKasMasuk('6')
 4 SYSTEMPATH\CodeIgniter.php(457): CodeIgniter\CodeIgniter->runController(Object(App\Controllers\KasMal))
 5 SYSTEMPATH\CodeIgniter.php(340): CodeIgniter\CodeIgniter->handleRequest(null, Object(Config\Cache), false)
 6 FCPATH\index.php(67): CodeIgniter\CodeIgniter->run()
 7 SYSTEMPATH\Commands\Server\rewrite.php(43): require_once('FCPATH\\index.php')
CRITICAL - 2022-12-12 13:12:13 --> Undefined array key "id_kas_masjid"
in APPPATH\Models\ModelKasMal.php on line 44.
 1 APPPATH\Models\ModelKasMal.php(44): CodeIgniter\Debug\Exceptions->errorHandler(2, 'Undefined array key "id_kas_masjid"', 'APPPATH\\Models\\ModelKasMal.php', 44)
 2 APPPATH\Controllers\KasMal.php(116): App\Models\ModelKasMal->DeleteData([...])
 3 SYSTEMPATH\CodeIgniter.php(904): App\Controllers\KasMal->DeleteKasMasuk('6')
 4 SYSTEMPATH\CodeIgniter.php(457): CodeIgniter\CodeIgniter->runController(Object(App\Controllers\KasMal))
 5 SYSTEMPATH\CodeIgniter.php(340): CodeIgniter\CodeIgniter->handleRequest(null, Object(Config\Cache), false)
 6 FCPATH\index.php(67): CodeIgniter\CodeIgniter->run()
 7 SYSTEMPATH\Commands\Server\rewrite.php(43): require_once('FCPATH\\index.php')
CRITICAL - 2022-12-12 13:12:14 --> Undefined array key "id_kas_masjid"
in APPPATH\Models\ModelKasMal.php on line 44.
 1 APPPATH\Models\ModelKasMal.php(44): CodeIgniter\Debug\Exceptions->errorHandler(2, 'Undefined array key "id_kas_masjid"', 'APPPATH\\Models\\ModelKasMal.php', 44)
 2 APPPATH\Controllers\KasMal.php(116): App\Models\ModelKasMal->DeleteData([...])
 3 SYSTEMPATH\CodeIgniter.php(904): App\Controllers\KasMal->DeleteKasMasuk('6')
 4 SYSTEMPATH\CodeIgniter.php(457): CodeIgniter\CodeIgniter->runController(Object(App\Controllers\KasMal))
 5 SYSTEMPATH\CodeIgniter.php(340): CodeIgniter\CodeIgniter->handleRequest(null, Object(Config\Cache), false)
 6 FCPATH\index.php(67): CodeIgniter\CodeIgniter->run()
 7 SYSTEMPATH\Commands\Server\rewrite.php(43): require_once('FCPATH\\index.php')
CRITICAL - 2022-12-12 13:12:14 --> Undefined array key "id_kas_masjid"
in APPPATH\Models\ModelKasMal.php on line 44.
 1 APPPATH\Models\ModelKasMal.php(44): CodeIgniter\Debug\Exceptions->errorHandler(2, 'Undefined array key "id_kas_masjid"', 'APPPATH\\Models\\ModelKasMal.php', 44)
 2 APPPATH\Controllers\KasMal.php(116): App\Models\ModelKasMal->DeleteData([...])
 3 SYSTEMPATH\CodeIgniter.php(904): App\Controllers\KasMal->DeleteKasMasuk('6')
 4 SYSTEMPATH\CodeIgniter.php(457): CodeIgniter\CodeIgniter->runController(Object(App\Controllers\KasMal))
 5 SYSTEMPATH\CodeIgniter.php(340): CodeIgniter\CodeIgniter->handleRequest(null, Object(Config\Cache), false)
 6 FCPATH\index.php(67): CodeIgniter\CodeIgniter->run()
 7 SYSTEMPATH\Commands\Server\rewrite.php(43): require_once('FCPATH\\index.php')
CRITICAL - 2022-12-12 13:12:14 --> Undefined array key "id_kas_masjid"
in APPPATH\Models\ModelKasMal.php on line 44.
 1 APPPATH\Models\ModelKasMal.php(44): CodeIgniter\Debug\Exceptions->errorHandler(2, 'Undefined array key "id_kas_masjid"', 'APPPATH\\Models\\ModelKasMal.php', 44)
 2 APPPATH\Controllers\KasMal.php(116): App\Models\ModelKasMal->DeleteData([...])
 3 SYSTEMPATH\CodeIgniter.php(904): App\Controllers\KasMal->DeleteKasMasuk('6')
 4 SYSTEMPATH\CodeIgniter.php(457): CodeIgniter\CodeIgniter->runController(Object(App\Controllers\KasMal))
 5 SYSTEMPATH\CodeIgniter.php(340): CodeIgniter\CodeIgniter->handleRequest(null, Object(Config\Cache), false)
 6 FCPATH\index.php(67): CodeIgniter\CodeIgniter->run()
 7 SYSTEMPATH\Commands\Server\rewrite.php(43): require_once('FCPATH\\index.php')
CRITICAL - 2022-12-12 13:12:15 --> Undefined array key "id_kas_masjid"
in APPPATH\Models\ModelKasMal.php on line 44.
 1 APPPATH\Models\ModelKasMal.php(44): CodeIgniter\Debug\Exceptions->errorHandler(2, 'Undefined array key "id_kas_masjid"', 'APPPATH\\Models\\ModelKasMal.php', 44)
 2 APPPATH\Controllers\KasMal.php(116): App\Models\ModelKasMal->DeleteData([...])
 3 SYSTEMPATH\CodeIgniter.php(904): App\Controllers\KasMal->DeleteKasMasuk('6')
 4 SYSTEMPATH\CodeIgniter.php(457): CodeIgniter\CodeIgniter->runController(Object(App\Controllers\KasMal))
 5 SYSTEMPATH\CodeIgniter.php(340): CodeIgniter\CodeIgniter->handleRequest(null, Object(Config\Cache), false)
 6 FCPATH\index.php(67): CodeIgniter\CodeIgniter->run()
 7 SYSTEMPATH\Commands\Server\rewrite.php(43): require_once('FCPATH\\index.php')
CRITICAL - 2022-12-12 13:12:15 --> Undefined array key "id_kas_masjid"
in APPPATH\Models\ModelKasMal.php on line 44.
 1 APPPATH\Models\ModelKasMal.php(44): CodeIgniter\Debug\Exceptions->errorHandler(2, 'Undefined array key "id_kas_masjid"', 'APPPATH\\Models\\ModelKasMal.php', 44)
 2 APPPATH\Controllers\KasMal.php(116): App\Models\ModelKasMal->DeleteData([...])
 3 SYSTEMPATH\CodeIgniter.php(904): App\Controllers\KasMal->DeleteKasMasuk('6')
 4 SYSTEMPATH\CodeIgniter.php(457): CodeIgniter\CodeIgniter->runController(Object(App\Controllers\KasMal))
 5 SYSTEMPATH\CodeIgniter.php(340): CodeIgniter\CodeIgniter->handleRequest(null, Object(Config\Cache), false)
 6 FCPATH\index.php(67): CodeIgniter\CodeIgniter->run()
 7 SYSTEMPATH\Commands\Server\rewrite.php(43): require_once('FCPATH\\index.php')
CRITICAL - 2022-12-12 13:12:15 --> Undefined array key "id_kas_masjid"
in APPPATH\Models\ModelKasMal.php on line 44.
 1 APPPATH\Models\ModelKasMal.php(44): CodeIgniter\Debug\Exceptions->errorHandler(2, 'Undefined array key "id_kas_masjid"', 'APPPATH\\Models\\ModelKasMal.php', 44)
 2 APPPATH\Controllers\KasMal.php(116): App\Models\ModelKasMal->DeleteData([...])
 3 SYSTEMPATH\CodeIgniter.php(904): App\Controllers\KasMal->DeleteKasMasuk('6')
 4 SYSTEMPATH\CodeIgniter.php(457): CodeIgniter\CodeIgniter->runController(Object(App\Controllers\KasMal))
 5 SYSTEMPATH\CodeIgniter.php(340): CodeIgniter\CodeIgniter->handleRequest(null, Object(Config\Cache), false)
 6 FCPATH\index.php(67): CodeIgniter\CodeIgniter->run()
 7 SYSTEMPATH\Commands\Server\rewrite.php(43): require_once('FCPATH\\index.php')
CRITICAL - 2022-12-12 13:12:16 --> Undefined array key "id_kas_masjid"
in APPPATH\Models\ModelKasMal.php on line 44.
 1 APPPATH\Models\ModelKasMal.php(44): CodeIgniter\Debug\Exceptions->errorHandler(2, 'Undefined array key "id_kas_masjid"', 'APPPATH\\Models\\ModelKasMal.php', 44)
 2 APPPATH\Controllers\KasMal.php(116): App\Models\ModelKasMal->DeleteData([...])
 3 SYSTEMPATH\CodeIgniter.php(904): App\Controllers\KasMal->DeleteKasMasuk('6')
 4 SYSTEMPATH\CodeIgniter.php(457): CodeIgniter\CodeIgniter->runController(Object(App\Controllers\KasMal))
 5 SYSTEMPATH\CodeIgniter.php(340): CodeIgniter\CodeIgniter->handleRequest(null, Object(Config\Cache), false)
 6 FCPATH\index.php(67): CodeIgniter\CodeIgniter->run()
 7 SYSTEMPATH\Commands\Server\rewrite.php(43): require_once('FCPATH\\index.php')
CRITICAL - 2022-12-12 13:12:16 --> Undefined array key "id_kas_masjid"
in APPPATH\Models\ModelKasMal.php on line 44.
 1 APPPATH\Models\ModelKasMal.php(44): CodeIgniter\Debug\Exceptions->errorHandler(2, 'Undefined array key "id_kas_masjid"', 'APPPATH\\Models\\ModelKasMal.php', 44)
 2 APPPATH\Controllers\KasMal.php(116): App\Models\ModelKasMal->DeleteData([...])
 3 SYSTEMPATH\CodeIgniter.php(904): App\Controllers\KasMal->DeleteKasMasuk('6')
 4 SYSTEMPATH\CodeIgniter.php(457): CodeIgniter\CodeIgniter->runController(Object(App\Controllers\KasMal))
 5 SYSTEMPATH\CodeIgniter.php(340): CodeIgniter\CodeIgniter->handleRequest(null, Object(Config\Cache), false)
 6 FCPATH\index.php(67): CodeIgniter\CodeIgniter->run()
 7 SYSTEMPATH\Commands\Server\rewrite.php(43): require_once('FCPATH\\index.php')
CRITICAL - 2022-12-12 13:12:16 --> Undefined array key "id_kas_masjid"
in APPPATH\Models\ModelKasMal.php on line 44.
 1 APPPATH\Models\ModelKasMal.php(44): CodeIgniter\Debug\Exceptions->errorHandler(2, 'Undefined array key "id_kas_masjid"', 'APPPATH\\Models\\ModelKasMal.php', 44)
 2 APPPATH\Controllers\KasMal.php(116): App\Models\ModelKasMal->DeleteData([...])
 3 SYSTEMPATH\CodeIgniter.php(904): App\Controllers\KasMal->DeleteKasMasuk('6')
 4 SYSTEMPATH\CodeIgniter.php(457): CodeIgniter\CodeIgniter->runController(Object(App\Controllers\KasMal))
 5 SYSTEMPATH\CodeIgniter.php(340): CodeIgniter\CodeIgniter->handleRequest(null, Object(Config\Cache), false)
 6 FCPATH\index.php(67): CodeIgniter\CodeIgniter->run()
 7 SYSTEMPATH\Commands\Server\rewrite.php(43): require_once('FCPATH\\index.php')
CRITICAL - 2022-12-12 13:12:16 --> Undefined array key "id_kas_masjid"
in APPPATH\Models\ModelKasMal.php on line 44.
 1 APPPATH\Models\ModelKasMal.php(44): CodeIgniter\Debug\Exceptions->errorHandler(2, 'Undefined array key "id_kas_masjid"', 'APPPATH\\Models\\ModelKasMal.php', 44)
 2 APPPATH\Controllers\KasMal.php(116): App\Models\ModelKasMal->DeleteData([...])
 3 SYSTEMPATH\CodeIgniter.php(904): App\Controllers\KasMal->DeleteKasMasuk('6')
 4 SYSTEMPATH\CodeIgniter.php(457): CodeIgniter\CodeIgniter->runController(Object(App\Controllers\KasMal))
 5 SYSTEMPATH\CodeIgniter.php(340): CodeIgniter\CodeIgniter->handleRequest(null, Object(Config\Cache), false)
 6 FCPATH\index.php(67): CodeIgniter\CodeIgniter->run()
 7 SYSTEMPATH\Commands\Server\rewrite.php(43): require_once('FCPATH\\index.php')
CRITICAL - 2022-12-12 13:12:25 --> Undefined array key "id_kas_masjid"
in APPPATH\Models\ModelKasMal.php on line 44.
 1 APPPATH\Models\ModelKasMal.php(44): CodeIgniter\Debug\Exceptions->errorHandler(2, 'Undefined array key "id_kas_masjid"', 'APPPATH\\Models\\ModelKasMal.php', 44)
 2 APPPATH\Controllers\KasMal.php(116): App\Models\ModelKasMal->DeleteData([...])
 3 SYSTEMPATH\CodeIgniter.php(904): App\Controllers\KasMal->DeleteKasMasuk('6')
 4 SYSTEMPATH\CodeIgniter.php(457): CodeIgniter\CodeIgniter->runController(Object(App\Controllers\KasMal))
 5 SYSTEMPATH\CodeIgniter.php(340): CodeIgniter\CodeIgniter->handleRequest(null, Object(Config\Cache), false)
 6 FCPATH\index.php(67): CodeIgniter\CodeIgniter->run()
 7 SYSTEMPATH\Commands\Server\rewrite.php(43): require_once('FCPATH\\index.php')
CRITICAL - 2022-12-12 13:13:40 --> Undefined array key "id_kas_masjid"
in APPPATH\Models\ModelKasMal.php on line 44.
 1 APPPATH\Models\ModelKasMal.php(44): CodeIgniter\Debug\Exceptions->errorHandler(2, 'Undefined array key "id_kas_masjid"', 'APPPATH\\Models\\ModelKasMal.php', 44)
 2 APPPATH\Controllers\KasMal.php(116): App\Models\ModelKasMal->DeleteData([...])
 3 SYSTEMPATH\CodeIgniter.php(904): App\Controllers\KasMal->DeleteKasMasuk('6')
 4 SYSTEMPATH\CodeIgniter.php(457): CodeIgniter\CodeIgniter->runController(Object(App\Controllers\KasMal))
 5 SYSTEMPATH\CodeIgniter.php(340): CodeIgniter\CodeIgniter->handleRequest(null, Object(Config\Cache), false)
 6 FCPATH\index.php(67): CodeIgniter\CodeIgniter->run()
 7 SYSTEMPATH\Commands\Server\rewrite.php(43): require_once('FCPATH\\index.php')
CRITICAL - 2022-12-12 13:13:40 --> Undefined array key "id_kas_masjid"
in APPPATH\Models\ModelKasMal.php on line 44.
 1 APPPATH\Models\ModelKasMal.php(44): CodeIgniter\Debug\Exceptions->errorHandler(2, 'Undefined array key "id_kas_masjid"', 'APPPATH\\Models\\ModelKasMal.php', 44)
 2 APPPATH\Controllers\KasMal.php(116): App\Models\ModelKasMal->DeleteData([...])
 3 SYSTEMPATH\CodeIgniter.php(904): App\Controllers\KasMal->DeleteKasMasuk('6')
 4 SYSTEMPATH\CodeIgniter.php(457): CodeIgniter\CodeIgniter->runController(Object(App\Controllers\KasMal))
 5 SYSTEMPATH\CodeIgniter.php(340): CodeIgniter\CodeIgniter->handleRequest(null, Object(Config\Cache), false)
 6 FCPATH\index.php(67): CodeIgniter\CodeIgniter->run()
 7 SYSTEMPATH\Commands\Server\rewrite.php(43): require_once('FCPATH\\index.php')
CRITICAL - 2022-12-12 13:13:41 --> Undefined array key "id_kas_masjid"
in APPPATH\Models\ModelKasMal.php on line 44.
 1 APPPATH\Models\ModelKasMal.php(44): CodeIgniter\Debug\Exceptions->errorHandler(2, 'Undefined array key "id_kas_masjid"', 'APPPATH\\Models\\ModelKasMal.php', 44)
 2 APPPATH\Controllers\KasMal.php(116): App\Models\ModelKasMal->DeleteData([...])
 3 SYSTEMPATH\CodeIgniter.php(904): App\Controllers\KasMal->DeleteKasMasuk('6')
 4 SYSTEMPATH\CodeIgniter.php(457): CodeIgniter\CodeIgniter->runController(Object(App\Controllers\KasMal))
 5 SYSTEMPATH\CodeIgniter.php(340): CodeIgniter\CodeIgniter->handleRequest(null, Object(Config\Cache), false)
 6 FCPATH\index.php(67): CodeIgniter\CodeIgniter->run()
 7 SYSTEMPATH\Commands\Server\rewrite.php(43): require_once('FCPATH\\index.php')
CRITICAL - 2022-12-12 13:13:41 --> Undefined array key "id_kas_masjid"
in APPPATH\Models\ModelKasMal.php on line 44.
 1 APPPATH\Models\ModelKasMal.php(44): CodeIgniter\Debug\Exceptions->errorHandler(2, 'Undefined array key "id_kas_masjid"', 'APPPATH\\Models\\ModelKasMal.php', 44)
 2 APPPATH\Controllers\KasMal.php(116): App\Models\ModelKasMal->DeleteData([...])
 3 SYSTEMPATH\CodeIgniter.php(904): App\Controllers\KasMal->DeleteKasMasuk('6')
 4 SYSTEMPATH\CodeIgniter.php(457): CodeIgniter\CodeIgniter->runController(Object(App\Controllers\KasMal))
 5 SYSTEMPATH\CodeIgniter.php(340): CodeIgniter\CodeIgniter->handleRequest(null, Object(Config\Cache), false)
 6 FCPATH\index.php(67): CodeIgniter\CodeIgniter->run()
 7 SYSTEMPATH\Commands\Server\rewrite.php(43): require_once('FCPATH\\index.php')
CRITICAL - 2022-12-12 13:13:41 --> Undefined array key "id_kas_masjid"
in APPPATH\Models\ModelKasMal.php on line 44.
 1 APPPATH\Models\ModelKasMal.php(44): CodeIgniter\Debug\Exceptions->errorHandler(2, 'Undefined array key "id_kas_masjid"', 'APPPATH\\Models\\ModelKasMal.php', 44)
 2 APPPATH\Controllers\KasMal.php(116): App\Models\ModelKasMal->DeleteData([...])
 3 SYSTEMPATH\CodeIgniter.php(904): App\Controllers\KasMal->DeleteKasMasuk('6')
 4 SYSTEMPATH\CodeIgniter.php(457): CodeIgniter\CodeIgniter->runController(Object(App\Controllers\KasMal))
 5 SYSTEMPATH\CodeIgniter.php(340): CodeIgniter\CodeIgniter->handleRequest(null, Object(Config\Cache), false)
 6 FCPATH\index.php(67): CodeIgniter\CodeIgniter->run()
 7 SYSTEMPATH\Commands\Server\rewrite.php(43): require_once('FCPATH\\index.php')
CRITICAL - 2022-12-12 13:13:48 --> Undefined array key "id_kas_masjid"
in APPPATH\Models\ModelKasMal.php on line 44.
 1 APPPATH\Models\ModelKasMal.php(44): CodeIgniter\Debug\Exceptions->errorHandler(2, 'Undefined array key "id_kas_masjid"', 'APPPATH\\Models\\ModelKasMal.php', 44)
 2 APPPATH\Controllers\KasMal.php(116): App\Models\ModelKasMal->DeleteData([...])
 3 SYSTEMPATH\CodeIgniter.php(904): App\Controllers\KasMal->DeleteKasMasuk('6')
 4 SYSTEMPATH\CodeIgniter.php(457): CodeIgniter\CodeIgniter->runController(Object(App\Controllers\KasMal))
 5 SYSTEMPATH\CodeIgniter.php(340): CodeIgniter\CodeIgniter->handleRequest(null, Object(Config\Cache), false)
 6 FCPATH\index.php(67): CodeIgniter\CodeIgniter->run()
 7 SYSTEMPATH\Commands\Server\rewrite.php(43): require_once('FCPATH\\index.php')
ERROR - 2022-12-12 13:14:50 --> mysqli_sql_exception: Table 'db-simasjid-ci4.tbl_kas_mal' doesn't exist in C:\xampp\htdocs\simasjid-ci4\system\Database\MySQLi\Connection.php:292
Stack trace:
#0 C:\xampp\htdocs\simasjid-ci4\system\Database\MySQLi\Connection.php(292): mysqli->query('DELETE FROM `tb...', 0)
#1 C:\xampp\htdocs\simasjid-ci4\system\Database\BaseConnection.php(693): CodeIgniter\Database\MySQLi\Connection->execute('DELETE FROM `tb...')
#2 C:\xampp\htdocs\simasjid-ci4\system\Database\BaseConnection.php(620): CodeIgniter\Database\BaseConnection->simpleQuery('DELETE FROM `tb...')
#3 C:\xampp\htdocs\simasjid-ci4\system\Database\BaseBuilder.php(2390): CodeIgniter\Database\BaseConnection->query('DELETE FROM `tb...', Array, false)
#4 C:\xampp\htdocs\simasjid-ci4\app\Models\ModelKasMal.php(45): CodeIgniter\Database\BaseBuilder->delete(Array)
#5 C:\xampp\htdocs\simasjid-ci4\app\Controllers\KasMal.php(116): App\Models\ModelKasMal->DeleteData(Array)
#6 C:\xampp\htdocs\simasjid-ci4\system\CodeIgniter.php(904): App\Controllers\KasMal->DeleteKasMasuk('6')
#7 C:\xampp\htdocs\simasjid-ci4\system\CodeIgniter.php(457): CodeIgniter\CodeIgniter->runController(Object(App\Controllers\KasMal))
#8 C:\xampp\htdocs\simasjid-ci4\system\CodeIgniter.php(340): CodeIgniter\CodeIgniter->handleRequest(NULL, Object(Config\Cache), false)
#9 C:\xampp\htdocs\simasjid-ci4\public\index.php(67): CodeIgniter\CodeIgniter->run()
#10 C:\xampp\htdocs\simasjid-ci4\system\Commands\Server\rewrite.php(43): require_once('C:\\xampp\\htdocs...')
#11 {main}
CRITICAL - 2022-12-12 13:14:50 --> Table 'db-simasjid-ci4.tbl_kas_mal' doesn't exist
in SYSTEMPATH\Database\MySQLi\Connection.php on line 292.
 1 SYSTEMPATH\Database\MySQLi\Connection.php(292): mysqli->query('DELETE FROM `tbl_kas_mal`
WHERE `id_kas_zakatmal` = \'6\'
AND `id_kas_zakatmal` = \'6\'', 0)
 2 SYSTEMPATH\Database\BaseConnection.php(693): CodeIgniter\Database\MySQLi\Connection->execute('DELETE FROM `tbl_kas_mal`
WHERE `id_kas_zakatmal` = \'6\'
AND `id_kas_zakatmal` = \'6\'')
 3 SYSTEMPATH\Database\BaseConnection.php(620): CodeIgniter\Database\BaseConnection->simpleQuery('DELETE FROM `tbl_kas_mal`
WHERE `id_kas_zakatmal` = \'6\'
AND `id_kas_zakatmal` = \'6\'')
 4 SYSTEMPATH\Database\BaseBuilder.php(2390): CodeIgniter\Database\BaseConnection->query('DELETE FROM `tbl_kas_mal`
WHERE `id_kas_zakatmal` = :id_kas_zakatmal:
AND `id_kas_zakatmal` = :id_kas_zakatmal.1:', [...], false)
 5 APPPATH\Models\ModelKasMal.php(45): CodeIgniter\Database\BaseBuilder->delete([...])
 6 APPPATH\Controllers\KasMal.php(116): App\Models\ModelKasMal->DeleteData([...])
 7 SYSTEMPATH\CodeIgniter.php(904): App\Controllers\KasMal->DeleteKasMasuk('6')
 8 SYSTEMPATH\CodeIgniter.php(457): CodeIgniter\CodeIgniter->runController(Object(App\Controllers\KasMal))
 9 SYSTEMPATH\CodeIgniter.php(340): CodeIgniter\CodeIgniter->handleRequest(null, Object(Config\Cache), false)
10 FCPATH\index.php(67): CodeIgniter\CodeIgniter->run()
11 SYSTEMPATH\Commands\Server\rewrite.php(43): require_once('FCPATH\\index.php')
ERROR - 2022-12-12 13:15:06 --> mysqli_sql_exception: Table 'db-simasjid-ci4.tbl_kas_mal' doesn't exist in C:\xampp\htdocs\simasjid-ci4\system\Database\MySQLi\Connection.php:292
Stack trace:
#0 C:\xampp\htdocs\simasjid-ci4\system\Database\MySQLi\Connection.php(292): mysqli->query('DELETE FROM `tb...', 0)
#1 C:\xampp\htdocs\simasjid-ci4\system\Database\BaseConnection.php(693): CodeIgniter\Database\MySQLi\Connection->execute('DELETE FROM `tb...')
#2 C:\xampp\htdocs\simasjid-ci4\system\Database\BaseConnection.php(620): CodeIgniter\Database\BaseConnection->simpleQuery('DELETE FROM `tb...')
#3 C:\xampp\htdocs\simasjid-ci4\system\Database\BaseBuilder.php(2390): CodeIgniter\Database\BaseConnection->query('DELETE FROM `tb...', Array, false)
#4 C:\xampp\htdocs\simasjid-ci4\app\Models\ModelKasMal.php(45): CodeIgniter\Database\BaseBuilder->delete(Array)
#5 C:\xampp\htdocs\simasjid-ci4\app\Controllers\KasMal.php(116): App\Models\ModelKasMal->DeleteData(Array)
#6 C:\xampp\htdocs\simasjid-ci4\system\CodeIgniter.php(904): App\Controllers\KasMal->DeleteKasMasuk('6')
#7 C:\xampp\htdocs\simasjid-ci4\system\CodeIgniter.php(457): CodeIgniter\CodeIgniter->runController(Object(App\Controllers\KasMal))
#8 C:\xampp\htdocs\simasjid-ci4\system\CodeIgniter.php(340): CodeIgniter\CodeIgniter->handleRequest(NULL, Object(Config\Cache), false)
#9 C:\xampp\htdocs\simasjid-ci4\public\index.php(67): CodeIgniter\CodeIgniter->run()
#10 C:\xampp\htdocs\simasjid-ci4\system\Commands\Server\rewrite.php(43): require_once('C:\\xampp\\htdocs...')
#11 {main}
CRITICAL - 2022-12-12 13:15:06 --> Table 'db-simasjid-ci4.tbl_kas_mal' doesn't exist
in SYSTEMPATH\Database\MySQLi\Connection.php on line 292.
 1 SYSTEMPATH\Database\MySQLi\Connection.php(292): mysqli->query('DELETE FROM `tbl_kas_mal`
WHERE `id_kas_zakatmal` = \'6\'
AND `id_kas_zakatmal` = \'6\'', 0)
 2 SYSTEMPATH\Database\BaseConnection.php(693): CodeIgniter\Database\MySQLi\Connection->execute('DELETE FROM `tbl_kas_mal`
WHERE `id_kas_zakatmal` = \'6\'
AND `id_kas_zakatmal` = \'6\'')
 3 SYSTEMPATH\Database\BaseConnection.php(620): CodeIgniter\Database\BaseConnection->simpleQuery('DELETE FROM `tbl_kas_mal`
WHERE `id_kas_zakatmal` = \'6\'
AND `id_kas_zakatmal` = \'6\'')
 4 SYSTEMPATH\Database\BaseBuilder.php(2390): CodeIgniter\Database\BaseConnection->query('DELETE FROM `tbl_kas_mal`
WHERE `id_kas_zakatmal` = :id_kas_zakatmal:
AND `id_kas_zakatmal` = :id_kas_zakatmal.1:', [...], false)
 5 APPPATH\Models\ModelKasMal.php(45): CodeIgniter\Database\BaseBuilder->delete([...])
 6 APPPATH\Controllers\KasMal.php(116): App\Models\ModelKasMal->DeleteData([...])
 7 SYSTEMPATH\CodeIgniter.php(904): App\Controllers\KasMal->DeleteKasMasuk('6')
 8 SYSTEMPATH\CodeIgniter.php(457): CodeIgniter\CodeIgniter->runController(Object(App\Controllers\KasMal))
 9 SYSTEMPATH\CodeIgniter.php(340): CodeIgniter\CodeIgniter->handleRequest(null, Object(Config\Cache), false)
10 FCPATH\index.php(67): CodeIgniter\CodeIgniter->run()
11 SYSTEMPATH\Commands\Server\rewrite.php(43): require_once('FCPATH\\index.php')
ERROR - 2022-12-12 13:15:28 --> mysqli_sql_exception: Table 'db-simasjid-ci4.tbl_kas_mal' doesn't exist in C:\xampp\htdocs\simasjid-ci4\system\Database\MySQLi\Connection.php:292
Stack trace:
#0 C:\xampp\htdocs\simasjid-ci4\system\Database\MySQLi\Connection.php(292): mysqli->query('DELETE FROM `tb...', 0)
#1 C:\xampp\htdocs\simasjid-ci4\system\Database\BaseConnection.php(693): CodeIgniter\Database\MySQLi\Connection->execute('DELETE FROM `tb...')
#2 C:\xampp\htdocs\simasjid-ci4\system\Database\BaseConnection.php(620): CodeIgniter\Database\BaseConnection->simpleQuery('DELETE FROM `tb...')
#3 C:\xampp\htdocs\simasjid-ci4\system\Database\BaseBuilder.php(2390): CodeIgniter\Database\BaseConnection->query('DELETE FROM `tb...', Array, false)
#4 C:\xampp\htdocs\simasjid-ci4\app\Models\ModelKasMal.php(45): CodeIgniter\Database\BaseBuilder->delete(Array)
#5 C:\xampp\htdocs\simasjid-ci4\app\Controllers\KasMal.php(116): App\Models\ModelKasMal->DeleteData(Array)
#6 C:\xampp\htdocs\simasjid-ci4\system\CodeIgniter.php(904): App\Controllers\KasMal->DeleteKasMasuk('6')
#7 C:\xampp\htdocs\simasjid-ci4\system\CodeIgniter.php(457): CodeIgniter\CodeIgniter->runController(Object(App\Controllers\KasMal))
#8 C:\xampp\htdocs\simasjid-ci4\system\CodeIgniter.php(340): CodeIgniter\CodeIgniter->handleRequest(NULL, Object(Config\Cache), false)
#9 C:\xampp\htdocs\simasjid-ci4\public\index.php(67): CodeIgniter\CodeIgniter->run()
#10 C:\xampp\htdocs\simasjid-ci4\system\Commands\Server\rewrite.php(43): require_once('C:\\xampp\\htdocs...')
#11 {main}
CRITICAL - 2022-12-12 13:15:28 --> Table 'db-simasjid-ci4.tbl_kas_mal' doesn't exist
in SYSTEMPATH\Database\MySQLi\Connection.php on line 292.
 1 SYSTEMPATH\Database\MySQLi\Connection.php(292): mysqli->query('DELETE FROM `tbl_kas_mal`
WHERE `id_kas_zakatmal` = \'6\'
AND `id_kas_zakatmal` = \'6\'', 0)
 2 SYSTEMPATH\Database\BaseConnection.php(693): CodeIgniter\Database\MySQLi\Connection->execute('DELETE FROM `tbl_kas_mal`
WHERE `id_kas_zakatmal` = \'6\'
AND `id_kas_zakatmal` = \'6\'')
 3 SYSTEMPATH\Database\BaseConnection.php(620): CodeIgniter\Database\BaseConnection->simpleQuery('DELETE FROM `tbl_kas_mal`
WHERE `id_kas_zakatmal` = \'6\'
AND `id_kas_zakatmal` = \'6\'')
 4 SYSTEMPATH\Database\BaseBuilder.php(2390): CodeIgniter\Database\BaseConnection->query('DELETE FROM `tbl_kas_mal`
WHERE `id_kas_zakatmal` = :id_kas_zakatmal:
AND `id_kas_zakatmal` = :id_kas_zakatmal.1:', [...], false)
 5 APPPATH\Models\ModelKasMal.php(45): CodeIgniter\Database\BaseBuilder->delete([...])
 6 APPPATH\Controllers\KasMal.php(116): App\Models\ModelKasMal->DeleteData([...])
 7 SYSTEMPATH\CodeIgniter.php(904): App\Controllers\KasMal->DeleteKasMasuk('6')
 8 SYSTEMPATH\CodeIgniter.php(457): CodeIgniter\CodeIgniter->runController(Object(App\Controllers\KasMal))
 9 SYSTEMPATH\CodeIgniter.php(340): CodeIgniter\CodeIgniter->handleRequest(null, Object(Config\Cache), false)
10 FCPATH\index.php(67): CodeIgniter\CodeIgniter->run()
11 SYSTEMPATH\Commands\Server\rewrite.php(43): require_once('FCPATH\\index.php')
CRITICAL - 2022-12-12 14:21:06 --> Undefined array key "id_kas_sosial"
in APPPATH\Views\kas-zakat-penghasilan\v_kas_zakatpenghasilan_masuk.php on line 120.
 1 APPPATH\Views\kas-zakat-penghasilan\v_kas_zakatpenghasilan_masuk.php(120): CodeIgniter\Debug\Exceptions->errorHandler(2, 'Undefined array key "id_kas_sosial"', 'APPPATH\\Views\\kas-zakat-penghasilan\\v_kas_zakatpenghasilan_masuk.php', 120)
 2 SYSTEMPATH\View\View.php(213): include('APPPATH\\Views\\kas-zakat-penghasilan\\v_kas_zakatpenghasilan_masuk.php')
 3 SYSTEMPATH\View\View.php(216): CodeIgniter\View\View->CodeIgniter\View\{closure}()
 4 SYSTEMPATH\Common.php(1137): CodeIgniter\View\View->render('kas-zakat-penghasilan/v_kas_zakatpenghasilan_masuk', [], true)
 5 APPPATH\Views\v_template_admin.php(331): view('kas-zakat-penghasilan/v_kas_zakatpenghasilan_masuk')
 6 SYSTEMPATH\View\View.php(213): include('APPPATH\\Views\\v_template_admin.php')
 7 SYSTEMPATH\View\View.php(216): CodeIgniter\View\View->CodeIgniter\View\{closure}()
 8 SYSTEMPATH\Common.php(1137): CodeIgniter\View\View->render('v_template_admin', [], true)
 9 APPPATH\Controllers\KasPenghasilan.php(41): view('v_template_admin', [...])
10 SYSTEMPATH\CodeIgniter.php(904): App\Controllers\KasPenghasilan->KasMasuk()
11 SYSTEMPATH\CodeIgniter.php(457): CodeIgniter\CodeIgniter->runController(Object(App\Controllers\KasPenghasilan))
12 SYSTEMPATH\CodeIgniter.php(340): CodeIgniter\CodeIgniter->handleRequest(null, Object(Config\Cache), false)
13 FCPATH\index.php(67): CodeIgniter\CodeIgniter->run()
14 SYSTEMPATH\Commands\Server\rewrite.php(43): require_once('FCPATH\\index.php')
CRITICAL - 2022-12-12 14:21:14 --> Undefined array key "id_kas_penghasilan"
in APPPATH\Views\kas-zakat-penghasilan\v_kas_zakatpenghasilan_keluar.php on line 110.
 1 APPPATH\Views\kas-zakat-penghasilan\v_kas_zakatpenghasilan_keluar.php(110): CodeIgniter\Debug\Exceptions->errorHandler(2, 'Undefined array key "id_kas_penghasilan"', 'APPPATH\\Views\\kas-zakat-penghasilan\\v_kas_zakatpenghasilan_keluar.php', 110)
 2 SYSTEMPATH\View\View.php(213): include('APPPATH\\Views\\kas-zakat-penghasilan\\v_kas_zakatpenghasilan_keluar.php')
 3 SYSTEMPATH\View\View.php(216): CodeIgniter\View\View->CodeIgniter\View\{closure}()
 4 SYSTEMPATH\Common.php(1137): CodeIgniter\View\View->render('kas-zakat-penghasilan/v_kas_zakatpenghasilan_keluar', [], true)
 5 APPPATH\Views\v_template_admin.php(331): view('kas-zakat-penghasilan/v_kas_zakatpenghasilan_keluar')
 6 SYSTEMPATH\View\View.php(213): include('APPPATH\\Views\\v_template_admin.php')
 7 SYSTEMPATH\View\View.php(216): CodeIgniter\View\View->CodeIgniter\View\{closure}()
 8 SYSTEMPATH\Common.php(1137): CodeIgniter\View\View->render('v_template_admin', [], true)
 9 APPPATH\Controllers\KasPenghasilan.php(54): view('v_template_admin', [...])
10 SYSTEMPATH\CodeIgniter.php(904): App\Controllers\KasPenghasilan->KasKeluar()
11 SYSTEMPATH\CodeIgniter.php(457): CodeIgniter\CodeIgniter->runController(Object(App\Controllers\KasPenghasilan))
12 SYSTEMPATH\CodeIgniter.php(340): CodeIgniter\CodeIgniter->handleRequest(null, Object(Config\Cache), false)
13 FCPATH\index.php(67): CodeIgniter\CodeIgniter->run()
14 SYSTEMPATH\Commands\Server\rewrite.php(43): require_once('FCPATH\\index.php')
CRITICAL - 2022-12-12 14:21:25 --> Undefined array key "id_kas_sosial"
in APPPATH\Views\kas-zakat-penghasilan\v_kas_zakatpenghasilan_masuk.php on line 120.
 1 APPPATH\Views\kas-zakat-penghasilan\v_kas_zakatpenghasilan_masuk.php(120): CodeIgniter\Debug\Exceptions->errorHandler(2, 'Undefined array key "id_kas_sosial"', 'APPPATH\\Views\\kas-zakat-penghasilan\\v_kas_zakatpenghasilan_masuk.php', 120)
 2 SYSTEMPATH\View\View.php(213): include('APPPATH\\Views\\kas-zakat-penghasilan\\v_kas_zakatpenghasilan_masuk.php')
 3 SYSTEMPATH\View\View.php(216): CodeIgniter\View\View->CodeIgniter\View\{closure}()
 4 SYSTEMPATH\Common.php(1137): CodeIgniter\View\View->render('kas-zakat-penghasilan/v_kas_zakatpenghasilan_masuk', [], true)
 5 APPPATH\Views\v_template_admin.php(331): view('kas-zakat-penghasilan/v_kas_zakatpenghasilan_masuk')
 6 SYSTEMPATH\View\View.php(213): include('APPPATH\\Views\\v_template_admin.php')
 7 SYSTEMPATH\View\View.php(216): CodeIgniter\View\View->CodeIgniter\View\{closure}()
 8 SYSTEMPATH\Common.php(1137): CodeIgniter\View\View->render('v_template_admin', [], true)
 9 APPPATH\Controllers\KasPenghasilan.php(41): view('v_template_admin', [...])
10 SYSTEMPATH\CodeIgniter.php(904): App\Controllers\KasPenghasilan->KasMasuk()
11 SYSTEMPATH\CodeIgniter.php(457): CodeIgniter\CodeIgniter->runController(Object(App\Controllers\KasPenghasilan))
12 SYSTEMPATH\CodeIgniter.php(340): CodeIgniter\CodeIgniter->handleRequest(null, Object(Config\Cache), false)
13 FCPATH\index.php(67): CodeIgniter\CodeIgniter->run()
14 SYSTEMPATH\Commands\Server\rewrite.php(43): require_once('FCPATH\\index.php')
CRITICAL - 2022-12-12 14:21:25 --> Undefined array key "id_kas_sosial"
in APPPATH\Views\kas-zakat-penghasilan\v_kas_zakatpenghasilan_masuk.php on line 120.
 1 APPPATH\Views\kas-zakat-penghasilan\v_kas_zakatpenghasilan_masuk.php(120): CodeIgniter\Debug\Exceptions->errorHandler(2, 'Undefined array key "id_kas_sosial"', 'APPPATH\\Views\\kas-zakat-penghasilan\\v_kas_zakatpenghasilan_masuk.php', 120)
 2 SYSTEMPATH\View\View.php(213): include('APPPATH\\Views\\kas-zakat-penghasilan\\v_kas_zakatpenghasilan_masuk.php')
 3 SYSTEMPATH\View\View.php(216): CodeIgniter\View\View->CodeIgniter\View\{closure}()
 4 SYSTEMPATH\Common.php(1137): CodeIgniter\View\View->render('kas-zakat-penghasilan/v_kas_zakatpenghasilan_masuk', [], true)
 5 APPPATH\Views\v_template_admin.php(331): view('kas-zakat-penghasilan/v_kas_zakatpenghasilan_masuk')
 6 SYSTEMPATH\View\View.php(213): include('APPPATH\\Views\\v_template_admin.php')
 7 SYSTEMPATH\View\View.php(216): CodeIgniter\View\View->CodeIgniter\View\{closure}()
 8 SYSTEMPATH\Common.php(1137): CodeIgniter\View\View->render('v_template_admin', [], true)
 9 APPPATH\Controllers\KasPenghasilan.php(41): view('v_template_admin', [...])
10 SYSTEMPATH\CodeIgniter.php(904): App\Controllers\KasPenghasilan->KasMasuk()
11 SYSTEMPATH\CodeIgniter.php(457): CodeIgniter\CodeIgniter->runController(Object(App\Controllers\KasPenghasilan))
12 SYSTEMPATH\CodeIgniter.php(340): CodeIgniter\CodeIgniter->handleRequest(null, Object(Config\Cache), false)
13 FCPATH\index.php(67): CodeIgniter\CodeIgniter->run()
14 SYSTEMPATH\Commands\Server\rewrite.php(43): require_once('FCPATH\\index.php')
CRITICAL - 2022-12-12 14:23:24 --> Undefined array key "id_kas_penghasilan"
in APPPATH\Views\kas-zakat-penghasilan\v_kas_zakatpenghasilan_keluar.php on line 110.
 1 APPPATH\Views\kas-zakat-penghasilan\v_kas_zakatpenghasilan_keluar.php(110): CodeIgniter\Debug\Exceptions->errorHandler(2, 'Undefined array key "id_kas_penghasilan"', 'APPPATH\\Views\\kas-zakat-penghasilan\\v_kas_zakatpenghasilan_keluar.php', 110)
 2 SYSTEMPATH\View\View.php(213): include('APPPATH\\Views\\kas-zakat-penghasilan\\v_kas_zakatpenghasilan_keluar.php')
 3 SYSTEMPATH\View\View.php(216): CodeIgniter\View\View->CodeIgniter\View\{closure}()
 4 SYSTEMPATH\Common.php(1137): CodeIgniter\View\View->render('kas-zakat-penghasilan/v_kas_zakatpenghasilan_keluar', [], true)
 5 APPPATH\Views\v_template_admin.php(331): view('kas-zakat-penghasilan/v_kas_zakatpenghasilan_keluar')
 6 SYSTEMPATH\View\View.php(213): include('APPPATH\\Views\\v_template_admin.php')
 7 SYSTEMPATH\View\View.php(216): CodeIgniter\View\View->CodeIgniter\View\{closure}()
 8 SYSTEMPATH\Common.php(1137): CodeIgniter\View\View->render('v_template_admin', [], true)
 9 APPPATH\Controllers\KasPenghasilan.php(54): view('v_template_admin', [...])
10 SYSTEMPATH\CodeIgniter.php(904): App\Controllers\KasPenghasilan->KasKeluar()
11 SYSTEMPATH\CodeIgniter.php(457): CodeIgniter\CodeIgniter->runController(Object(App\Controllers\KasPenghasilan))
12 SYSTEMPATH\CodeIgniter.php(340): CodeIgniter\CodeIgniter->handleRequest(null, Object(Config\Cache), false)
13 FCPATH\index.php(67): CodeIgniter\CodeIgniter->run()
14 SYSTEMPATH\Commands\Server\rewrite.php(43): require_once('FCPATH\\index.php')
CRITICAL - 2022-12-12 14:24:23 --> Undefined variable $id_kas_zakatpenghasilan
in APPPATH\Controllers\KasPenghasilan.php on line 88.
 1 APPPATH\Controllers\KasPenghasilan.php(88): CodeIgniter\Debug\Exceptions->errorHandler(2, 'Undefined variable $id_kas_zakatpenghasilan', 'APPPATH\\Controllers\\KasPenghasilan.php', 88)
 2 SYSTEMPATH\CodeIgniter.php(904): App\Controllers\KasPenghasilan->UpdateKasMasuk('6')
 3 SYSTEMPATH\CodeIgniter.php(457): CodeIgniter\CodeIgniter->runController(Object(App\Controllers\KasPenghasilan))
 4 SYSTEMPATH\CodeIgniter.php(340): CodeIgniter\CodeIgniter->handleRequest(null, Object(Config\Cache), false)
 5 FCPATH\index.php(67): CodeIgniter\CodeIgniter->run()
 6 SYSTEMPATH\Commands\Server\rewrite.php(43): require_once('FCPATH\\index.php')
CRITICAL - 2022-12-12 14:25:56 --> Undefined array key "id_kas_zakatpenghasilan"
in APPPATH\Models\ModelKasPenghasilan.php on line 44.
 1 APPPATH\Models\ModelKasPenghasilan.php(44): CodeIgniter\Debug\Exceptions->errorHandler(2, 'Undefined array key "id_kas_zakatpenghasilan"', 'APPPATH\\Models\\ModelKasPenghasilan.php', 44)
 2 APPPATH\Controllers\KasPenghasilan.php(116): App\Models\ModelKasPenghasilan->DeleteData([...])
 3 SYSTEMPATH\CodeIgniter.php(904): App\Controllers\KasPenghasilan->DeleteKasMasuk('6')
 4 SYSTEMPATH\CodeIgniter.php(457): CodeIgniter\CodeIgniter->runController(Object(App\Controllers\KasPenghasilan))
 5 SYSTEMPATH\CodeIgniter.php(340): CodeIgniter\CodeIgniter->handleRequest(null, Object(Config\Cache), false)
 6 FCPATH\index.php(67): CodeIgniter\CodeIgniter->run()
 7 SYSTEMPATH\Commands\Server\rewrite.php(43): require_once('FCPATH\\index.php')
CRITICAL - 2022-12-12 14:28:44 --> Undefined array key "id_kas_zakatpenghasilan"
in APPPATH\Models\ModelKasPenghasilan.php on line 44.
 1 APPPATH\Models\ModelKasPenghasilan.php(44): CodeIgniter\Debug\Exceptions->errorHandler(2, 'Undefined array key "id_kas_zakatpenghasilan"', 'APPPATH\\Models\\ModelKasPenghasilan.php', 44)
 2 APPPATH\Controllers\KasPenghasilan.php(116): App\Models\ModelKasPenghasilan->DeleteData([...])
 3 SYSTEMPATH\CodeIgniter.php(904): App\Controllers\KasPenghasilan->DeleteKasMasuk('6')
 4 SYSTEMPATH\CodeIgniter.php(457): CodeIgniter\CodeIgniter->runController(Object(App\Controllers\KasPenghasilan))
 5 SYSTEMPATH\CodeIgniter.php(340): CodeIgniter\CodeIgniter->handleRequest(null, Object(Config\Cache), false)
 6 FCPATH\index.php(67): CodeIgniter\CodeIgniter->run()
 7 SYSTEMPATH\Commands\Server\rewrite.php(43): require_once('FCPATH\\index.php')
CRITICAL - 2022-12-12 14:30:51 --> Undefined property: App\Controllers\KasPenghasilan::$ModelKasPenghasilan
in APPPATH\Controllers\KasPenghasilan.php on line 106.
 1 APPPATH\Controllers\KasPenghasilan.php(106): CodeIgniter\Debug\Exceptions->errorHandler(2, 'Undefined property: App\\Controllers\\KasPenghasilan::$ModelKasPenghasilan', 'APPPATH\\Controllers\\KasPenghasilan.php', 106)
 2 SYSTEMPATH\CodeIgniter.php(904): App\Controllers\KasPenghasilan->UpdateKasKeluar('7')
 3 SYSTEMPATH\CodeIgniter.php(457): CodeIgniter\CodeIgniter->runController(Object(App\Controllers\KasPenghasilan))
 4 SYSTEMPATH\CodeIgniter.php(340): CodeIgniter\CodeIgniter->handleRequest(null, Object(Config\Cache), false)
 5 FCPATH\index.php(67): CodeIgniter\CodeIgniter->run()
 6 SYSTEMPATH\Commands\Server\rewrite.php(43): require_once('FCPATH\\index.php')
CRITICAL - 2022-12-12 14:31:14 --> Undefined property: App\Controllers\KasPenghasilan::$ModelKasPenghasilan
in APPPATH\Controllers\KasPenghasilan.php on line 126.
 1 APPPATH\Controllers\KasPenghasilan.php(126): CodeIgniter\Debug\Exceptions->errorHandler(2, 'Undefined property: App\\Controllers\\KasPenghasilan::$ModelKasPenghasilan', 'APPPATH\\Controllers\\KasPenghasilan.php', 126)
 2 SYSTEMPATH\CodeIgniter.php(904): App\Controllers\KasPenghasilan->DeleteKasKeluar('7')
 3 SYSTEMPATH\CodeIgniter.php(457): CodeIgniter\CodeIgniter->runController(Object(App\Controllers\KasPenghasilan))
 4 SYSTEMPATH\CodeIgniter.php(340): CodeIgniter\CodeIgniter->handleRequest(null, Object(Config\Cache), false)
 5 FCPATH\index.php(67): CodeIgniter\CodeIgniter->run()
 6 SYSTEMPATH\Commands\Server\rewrite.php(43): require_once('FCPATH\\index.php')
CRITICAL - 2022-12-12 14:55:53 --> Undefined property: App\Controllers\KasPenghasilan::$ModelKasPenghasilan
in APPPATH\Controllers\KasPenghasilan.php on line 126.
 1 APPPATH\Controllers\KasPenghasilan.php(126): CodeIgniter\Debug\Exceptions->errorHandler(2, 'Undefined property: App\\Controllers\\KasPenghasilan::$ModelKasPenghasilan', 'APPPATH\\Controllers\\KasPenghasilan.php', 126)
 2 SYSTEMPATH\CodeIgniter.php(904): App\Controllers\KasPenghasilan->DeleteKasKeluar('7')
 3 SYSTEMPATH\CodeIgniter.php(457): CodeIgniter\CodeIgniter->runController(Object(App\Controllers\KasPenghasilan))
 4 SYSTEMPATH\CodeIgniter.php(340): CodeIgniter\CodeIgniter->handleRequest(null, Object(Config\Cache), false)
 5 FCPATH\index.php(67): CodeIgniter\CodeIgniter->run()
 6 SYSTEMPATH\Commands\Server\rewrite.php(43): require_once('FCPATH\\index.php')
CRITICAL - 2022-12-12 14:56:09 --> Undefined property: App\Controllers\KasPenghasilan::$ModelKasPenghasilan
in APPPATH\Controllers\KasPenghasilan.php on line 93.
 1 APPPATH\Controllers\KasPenghasilan.php(93): CodeIgniter\Debug\Exceptions->errorHandler(2, 'Undefined property: App\\Controllers\\KasPenghasilan::$ModelKasPenghasilan', 'APPPATH\\Controllers\\KasPenghasilan.php', 93)
 2 SYSTEMPATH\CodeIgniter.php(904): App\Controllers\KasPenghasilan->UpdateKasMasuk('6')
 3 SYSTEMPATH\CodeIgniter.php(457): CodeIgniter\CodeIgniter->runController(Object(App\Controllers\KasPenghasilan))
 4 SYSTEMPATH\CodeIgniter.php(340): CodeIgniter\CodeIgniter->handleRequest(null, Object(Config\Cache), false)
 5 FCPATH\index.php(67): CodeIgniter\CodeIgniter->run()
 6 SYSTEMPATH\Commands\Server\rewrite.php(43): require_once('FCPATH\\index.php')
CRITICAL - 2022-12-12 14:57:13 --> Undefined property: App\Controllers\KasPenghasilan::$ModelKasPenghasilan
in APPPATH\Controllers\KasPenghasilan.php on line 93.
 1 APPPATH\Controllers\KasPenghasilan.php(93): CodeIgniter\Debug\Exceptions->errorHandler(2, 'Undefined property: App\\Controllers\\KasPenghasilan::$ModelKasPenghasilan', 'APPPATH\\Controllers\\KasPenghasilan.php', 93)
 2 SYSTEMPATH\CodeIgniter.php(904): App\Controllers\KasPenghasilan->UpdateKasMasuk('6')
 3 SYSTEMPATH\CodeIgniter.php(457): CodeIgniter\CodeIgniter->runController(Object(App\Controllers\KasPenghasilan))
 4 SYSTEMPATH\CodeIgniter.php(340): CodeIgniter\CodeIgniter->handleRequest(null, Object(Config\Cache), false)
 5 FCPATH\index.php(67): CodeIgniter\CodeIgniter->run()
 6 SYSTEMPATH\Commands\Server\rewrite.php(43): require_once('FCPATH\\index.php')
CRITICAL - 2022-12-12 14:57:24 --> Undefined property: App\Controllers\KasPenghasilan::$ModelKasPenghasilan
in APPPATH\Controllers\KasPenghasilan.php on line 93.
 1 APPPATH\Controllers\KasPenghasilan.php(93): CodeIgniter\Debug\Exceptions->errorHandler(2, 'Undefined property: App\\Controllers\\KasPenghasilan::$ModelKasPenghasilan', 'APPPATH\\Controllers\\KasPenghasilan.php', 93)
 2 SYSTEMPATH\CodeIgniter.php(904): App\Controllers\KasPenghasilan->UpdateKasMasuk('6')
 3 SYSTEMPATH\CodeIgniter.php(457): CodeIgniter\CodeIgniter->runController(Object(App\Controllers\KasPenghasilan))
 4 SYSTEMPATH\CodeIgniter.php(340): CodeIgniter\CodeIgniter->handleRequest(null, Object(Config\Cache), false)
 5 FCPATH\index.php(67): CodeIgniter\CodeIgniter->run()
 6 SYSTEMPATH\Commands\Server\rewrite.php(43): require_once('FCPATH\\index.php')
CRITICAL - 2022-12-12 15:18:21 --> Undefined variable $bulan
in APPPATH\Views\front-end\v_rekap_kas.php on line 12.
 1 APPPATH\Views\front-end\v_rekap_kas.php(12): CodeIgniter\Debug\Exceptions->errorHandler(2, 'Undefined variable $bulan', 'APPPATH\\Views\\front-end\\v_rekap_kas.php', 12)
 2 SYSTEMPATH\View\View.php(213): include('APPPATH\\Views\\front-end\\v_rekap_kas.php')
 3 SYSTEMPATH\View\View.php(216): CodeIgniter\View\View->CodeIgniter\View\{closure}()
 4 SYSTEMPATH\Common.php(1137): CodeIgniter\View\View->render('front-end/v_rekap_kas', [], true)
 5 APPPATH\Views\v_template.php(104): view('front-end/v_rekap_kas')
 6 SYSTEMPATH\View\View.php(213): include('APPPATH\\Views\\v_template.php')
 7 SYSTEMPATH\View\View.php(216): CodeIgniter\View\View->CodeIgniter\View\{closure}()
 8 SYSTEMPATH\Common.php(1137): CodeIgniter\View\View->render('v_template', [], true)
 9 APPPATH\Controllers\Home.php(69): view('v_template', [...])
10 SYSTEMPATH\CodeIgniter.php(904): App\Controllers\Home->RekapKasMasjid()
11 SYSTEMPATH\CodeIgniter.php(457): CodeIgniter\CodeIgniter->runController(Object(App\Controllers\Home))
12 SYSTEMPATH\CodeIgniter.php(340): CodeIgniter\CodeIgniter->handleRequest(null, Object(Config\Cache), false)
13 FCPATH\index.php(67): CodeIgniter\CodeIgniter->run()
14 SYSTEMPATH\Commands\Server\rewrite.php(43): require_once('FCPATH\\index.php')
CRITICAL - 2022-12-12 15:20:14 --> Undefined variable $bulan
in APPPATH\Views\front-end\v_rekap_kas.php on line 47.
 1 APPPATH\Views\front-end\v_rekap_kas.php(47): CodeIgniter\Debug\Exceptions->errorHandler(2, 'Undefined variable $bulan', 'APPPATH\\Views\\front-end\\v_rekap_kas.php', 47)
 2 SYSTEMPATH\View\View.php(213): include('APPPATH\\Views\\front-end\\v_rekap_kas.php')
 3 SYSTEMPATH\View\View.php(216): CodeIgniter\View\View->CodeIgniter\View\{closure}()
 4 SYSTEMPATH\Common.php(1137): CodeIgniter\View\View->render('front-end/v_rekap_kas', [], true)
 5 APPPATH\Views\v_template.php(104): view('front-end/v_rekap_kas')
 6 SYSTEMPATH\View\View.php(213): include('APPPATH\\Views\\v_template.php')
 7 SYSTEMPATH\View\View.php(216): CodeIgniter\View\View->CodeIgniter\View\{closure}()
 8 SYSTEMPATH\Common.php(1137): CodeIgniter\View\View->render('v_template', [], true)
 9 APPPATH\Controllers\Home.php(69): view('v_template', [...])
10 SYSTEMPATH\CodeIgniter.php(904): App\Controllers\Home->RekapKasMasjid()
11 SYSTEMPATH\CodeIgniter.php(457): CodeIgniter\CodeIgniter->runController(Object(App\Controllers\Home))
12 SYSTEMPATH\CodeIgniter.php(340): CodeIgniter\CodeIgniter->handleRequest(null, Object(Config\Cache), false)
13 FCPATH\index.php(67): CodeIgniter\CodeIgniter->run()
14 SYSTEMPATH\Commands\Server\rewrite.php(43): require_once('FCPATH\\index.php')
CRITICAL - 2022-12-12 15:22:36 --> Undefined variable $bulan
in APPPATH\Views\front-end\v_rekap_kas.php on line 12.
 1 APPPATH\Views\front-end\v_rekap_kas.php(12): CodeIgniter\Debug\Exceptions->errorHandler(2, 'Undefined variable $bulan', 'APPPATH\\Views\\front-end\\v_rekap_kas.php', 12)
 2 SYSTEMPATH\View\View.php(213): include('APPPATH\\Views\\front-end\\v_rekap_kas.php')
 3 SYSTEMPATH\View\View.php(216): CodeIgniter\View\View->CodeIgniter\View\{closure}()
 4 SYSTEMPATH\Common.php(1137): CodeIgniter\View\View->render('front-end/v_rekap_kas', [], true)
 5 APPPATH\Views\v_template.php(104): view('front-end/v_rekap_kas')
 6 SYSTEMPATH\View\View.php(213): include('APPPATH\\Views\\v_template.php')
 7 SYSTEMPATH\View\View.php(216): CodeIgniter\View\View->CodeIgniter\View\{closure}()
 8 SYSTEMPATH\Common.php(1137): CodeIgniter\View\View->render('v_template', [], true)
 9 APPPATH\Controllers\Home.php(69): view('v_template', [...])
10 SYSTEMPATH\CodeIgniter.php(904): App\Controllers\Home->RekapKasMasjid()
11 SYSTEMPATH\CodeIgniter.php(457): CodeIgniter\CodeIgniter->runController(Object(App\Controllers\Home))
12 SYSTEMPATH\CodeIgniter.php(340): CodeIgniter\CodeIgniter->handleRequest(null, Object(Config\Cache), false)
13 FCPATH\index.php(67): CodeIgniter\CodeIgniter->run()
14 SYSTEMPATH\Commands\Server\rewrite.php(43): require_once('FCPATH\\index.php')
CRITICAL - 2022-12-12 15:22:49 --> Undefined variable $bulan
in APPPATH\Views\front-end\v_rekap_kas.php on line 12.
 1 APPPATH\Views\front-end\v_rekap_kas.php(12): CodeIgniter\Debug\Exceptions->errorHandler(2, 'Undefined variable $bulan', 'APPPATH\\Views\\front-end\\v_rekap_kas.php', 12)
 2 SYSTEMPATH\View\View.php(213): include('APPPATH\\Views\\front-end\\v_rekap_kas.php')
 3 SYSTEMPATH\View\View.php(216): CodeIgniter\View\View->CodeIgniter\View\{closure}()
 4 SYSTEMPATH\Common.php(1137): CodeIgniter\View\View->render('front-end/v_rekap_kas', [], true)
 5 APPPATH\Views\v_template.php(104): view('front-end/v_rekap_kas')
 6 SYSTEMPATH\View\View.php(213): include('APPPATH\\Views\\v_template.php')
 7 SYSTEMPATH\View\View.php(216): CodeIgniter\View\View->CodeIgniter\View\{closure}()
 8 SYSTEMPATH\Common.php(1137): CodeIgniter\View\View->render('v_template', [], true)
 9 APPPATH\Controllers\Home.php(69): view('v_template', [...])
10 SYSTEMPATH\CodeIgniter.php(904): App\Controllers\Home->RekapKasMasjid()
11 SYSTEMPATH\CodeIgniter.php(457): CodeIgniter\CodeIgniter->runController(Object(App\Controllers\Home))
12 SYSTEMPATH\CodeIgniter.php(340): CodeIgniter\CodeIgniter->handleRequest(null, Object(Config\Cache), false)
13 FCPATH\index.php(67): CodeIgniter\CodeIgniter->run()
14 SYSTEMPATH\Commands\Server\rewrite.php(43): require_once('FCPATH\\index.php')
CRITICAL - 2022-12-12 15:25:19 --> Undefined variable $bulan
in APPPATH\Views\front-end\v_rekap_kas.php on line 5.
 1 APPPATH\Views\front-end\v_rekap_kas.php(5): CodeIgniter\Debug\Exceptions->errorHandler(2, 'Undefined variable $bulan', 'APPPATH\\Views\\front-end\\v_rekap_kas.php', 5)
 2 SYSTEMPATH\View\View.php(213): include('APPPATH\\Views\\front-end\\v_rekap_kas.php')
 3 SYSTEMPATH\View\View.php(216): CodeIgniter\View\View->CodeIgniter\View\{closure}()
 4 SYSTEMPATH\Common.php(1137): CodeIgniter\View\View->render('front-end/v_rekap_kas', [], true)
 5 APPPATH\Views\v_template.php(104): view('front-end/v_rekap_kas')
 6 SYSTEMPATH\View\View.php(213): include('APPPATH\\Views\\v_template.php')
 7 SYSTEMPATH\View\View.php(216): CodeIgniter\View\View->CodeIgniter\View\{closure}()
 8 SYSTEMPATH\Common.php(1137): CodeIgniter\View\View->render('v_template', [], true)
 9 APPPATH\Controllers\Home.php(69): view('v_template', [...])
10 SYSTEMPATH\CodeIgniter.php(904): App\Controllers\Home->RekapKasMasjid()
11 SYSTEMPATH\CodeIgniter.php(457): CodeIgniter\CodeIgniter->runController(Object(App\Controllers\Home))
12 SYSTEMPATH\CodeIgniter.php(340): CodeIgniter\CodeIgniter->handleRequest(null, Object(Config\Cache), false)
13 FCPATH\index.php(67): CodeIgniter\CodeIgniter->run()
14 SYSTEMPATH\Commands\Server\rewrite.php(43): require_once('FCPATH\\index.php')
CRITICAL - 2022-12-12 15:26:00 --> Undefined constant "Bulan"
in APPPATH\Views\front-end\v_rekap_kas.php on line 5.
 1 SYSTEMPATH\View\View.php(213): include()
 2 SYSTEMPATH\View\View.php(216): CodeIgniter\View\View->CodeIgniter\View\{closure}()
 3 SYSTEMPATH\Common.php(1137): CodeIgniter\View\View->render('front-end/v_rekap_kas', [], true)
 4 APPPATH\Views\v_template.php(104): view('front-end/v_rekap_kas')
 5 SYSTEMPATH\View\View.php(213): include('APPPATH\\Views\\v_template.php')
 6 SYSTEMPATH\View\View.php(216): CodeIgniter\View\View->CodeIgniter\View\{closure}()
 7 SYSTEMPATH\Common.php(1137): CodeIgniter\View\View->render('v_template', [], true)
 8 APPPATH\Controllers\Home.php(69): view('v_template', [...])
 9 SYSTEMPATH\CodeIgniter.php(904): App\Controllers\Home->RekapKasMasjid()
10 SYSTEMPATH\CodeIgniter.php(457): CodeIgniter\CodeIgniter->runController(Object(App\Controllers\Home))
11 SYSTEMPATH\CodeIgniter.php(340): CodeIgniter\CodeIgniter->handleRequest(null, Object(Config\Cache), false)
12 FCPATH\index.php(67): CodeIgniter\CodeIgniter->run()
13 SYSTEMPATH\Commands\Server\rewrite.php(43): require_once('FCPATH\\index.php')
CRITICAL - 2022-12-12 15:26:18 --> Undefined variable $bulan
in APPPATH\Views\front-end\v_rekap_kas.php on line 4.
 1 APPPATH\Views\front-end\v_rekap_kas.php(4): CodeIgniter\Debug\Exceptions->errorHandler(2, 'Undefined variable $bulan', 'APPPATH\\Views\\front-end\\v_rekap_kas.php', 4)
 2 SYSTEMPATH\View\View.php(213): include('APPPATH\\Views\\front-end\\v_rekap_kas.php')
 3 SYSTEMPATH\View\View.php(216): CodeIgniter\View\View->CodeIgniter\View\{closure}()
 4 SYSTEMPATH\Common.php(1137): CodeIgniter\View\View->render('front-end/v_rekap_kas', [], true)
 5 APPPATH\Views\v_template.php(104): view('front-end/v_rekap_kas')
 6 SYSTEMPATH\View\View.php(213): include('APPPATH\\Views\\v_template.php')
 7 SYSTEMPATH\View\View.php(216): CodeIgniter\View\View->CodeIgniter\View\{closure}()
 8 SYSTEMPATH\Common.php(1137): CodeIgniter\View\View->render('v_template', [], true)
 9 APPPATH\Controllers\Home.php(69): view('v_template', [...])
10 SYSTEMPATH\CodeIgniter.php(904): App\Controllers\Home->RekapKasMasjid()
11 SYSTEMPATH\CodeIgniter.php(457): CodeIgniter\CodeIgniter->runController(Object(App\Controllers\Home))
12 SYSTEMPATH\CodeIgniter.php(340): CodeIgniter\CodeIgniter->handleRequest(null, Object(Config\Cache), false)
13 FCPATH\index.php(67): CodeIgniter\CodeIgniter->run()
14 SYSTEMPATH\Commands\Server\rewrite.php(43): require_once('FCPATH\\index.php')
CRITICAL - 2022-12-12 15:28:05 --> Undefined variable $bulan
in APPPATH\Views\front-end\v_rekap_kas.php on line 31.
 1 APPPATH\Views\front-end\v_rekap_kas.php(31): CodeIgniter\Debug\Exceptions->errorHandler(2, 'Undefined variable $bulan', 'APPPATH\\Views\\front-end\\v_rekap_kas.php', 31)
 2 SYSTEMPATH\View\View.php(213): include('APPPATH\\Views\\front-end\\v_rekap_kas.php')
 3 SYSTEMPATH\View\View.php(216): CodeIgniter\View\View->CodeIgniter\View\{closure}()
 4 SYSTEMPATH\Common.php(1137): CodeIgniter\View\View->render('front-end/v_rekap_kas', [], true)
 5 APPPATH\Views\v_template.php(104): view('front-end/v_rekap_kas')
 6 SYSTEMPATH\View\View.php(213): include('APPPATH\\Views\\v_template.php')
 7 SYSTEMPATH\View\View.php(216): CodeIgniter\View\View->CodeIgniter\View\{closure}()
 8 SYSTEMPATH\Common.php(1137): CodeIgniter\View\View->render('v_template', [], true)
 9 APPPATH\Controllers\Home.php(79): view('v_template', [...])
10 SYSTEMPATH\CodeIgniter.php(904): App\Controllers\Home->RekapKasSosial()
11 SYSTEMPATH\CodeIgniter.php(457): CodeIgniter\CodeIgniter->runController(Object(App\Controllers\Home))
12 SYSTEMPATH\CodeIgniter.php(340): CodeIgniter\CodeIgniter->handleRequest(null, Object(Config\Cache), false)
13 FCPATH\index.php(67): CodeIgniter\CodeIgniter->run()
14 SYSTEMPATH\Commands\Server\rewrite.php(43): require_once('FCPATH\\index.php')
CRITICAL - 2022-12-12 16:12:16 --> Undefined variable $bulan
in APPPATH\Views\front-end\v_rekap_kas.php on line 9.
 1 APPPATH\Views\front-end\v_rekap_kas.php(9): CodeIgniter\Debug\Exceptions->errorHandler(2, 'Undefined variable $bulan', 'APPPATH\\Views\\front-end\\v_rekap_kas.php', 9)
 2 SYSTEMPATH\View\View.php(213): include('APPPATH\\Views\\front-end\\v_rekap_kas.php')
 3 SYSTEMPATH\View\View.php(216): CodeIgniter\View\View->CodeIgniter\View\{closure}()
 4 SYSTEMPATH\Common.php(1137): CodeIgniter\View\View->render('front-end/v_rekap_kas', [], true)
 5 APPPATH\Views\v_template.php(104): view('front-end/v_rekap_kas')
 6 SYSTEMPATH\View\View.php(213): include('APPPATH\\Views\\v_template.php')
 7 SYSTEMPATH\View\View.php(216): CodeIgniter\View\View->CodeIgniter\View\{closure}()
 8 SYSTEMPATH\Common.php(1137): CodeIgniter\View\View->render('v_template', [], true)
 9 APPPATH\Controllers\Home.php(69): view('v_template', [...])
10 SYSTEMPATH\CodeIgniter.php(904): App\Controllers\Home->RekapKasMasjid()
11 SYSTEMPATH\CodeIgniter.php(457): CodeIgniter\CodeIgniter->runController(Object(App\Controllers\Home))
12 SYSTEMPATH\CodeIgniter.php(340): CodeIgniter\CodeIgniter->handleRequest(null, Object(Config\Cache), false)
13 FCPATH\index.php(67): CodeIgniter\CodeIgniter->run()
14 SYSTEMPATH\Commands\Server\rewrite.php(43): require_once('FCPATH\\index.php')
CRITICAL - 2022-12-12 16:19:56 --> Undefined variable $masjid
in APPPATH\Views\front-end\v_rekap_kas.php on line 55.
 1 APPPATH\Views\front-end\v_rekap_kas.php(55): CodeIgniter\Debug\Exceptions->errorHandler(2, 'Undefined variable $masjid', 'APPPATH\\Views\\front-end\\v_rekap_kas.php', 55)
 2 SYSTEMPATH\View\View.php(213): include('APPPATH\\Views\\front-end\\v_rekap_kas.php')
 3 SYSTEMPATH\View\View.php(216): CodeIgniter\View\View->CodeIgniter\View\{closure}()
 4 SYSTEMPATH\Common.php(1137): CodeIgniter\View\View->render('front-end/v_rekap_kas', [], true)
 5 APPPATH\Views\v_template.php(104): view('front-end/v_rekap_kas')
 6 SYSTEMPATH\View\View.php(213): include('APPPATH\\Views\\v_template.php')
 7 SYSTEMPATH\View\View.php(216): CodeIgniter\View\View->CodeIgniter\View\{closure}()
 8 SYSTEMPATH\Common.php(1137): CodeIgniter\View\View->render('v_template', [], true)
 9 APPPATH\Controllers\Home.php(69): view('v_template', [...])
10 SYSTEMPATH\CodeIgniter.php(904): App\Controllers\Home->RekapKasMasjid()
11 SYSTEMPATH\CodeIgniter.php(457): CodeIgniter\CodeIgniter->runController(Object(App\Controllers\Home))
12 SYSTEMPATH\CodeIgniter.php(340): CodeIgniter\CodeIgniter->handleRequest(null, Object(Config\Cache), false)
13 FCPATH\index.php(67): CodeIgniter\CodeIgniter->run()
14 SYSTEMPATH\Commands\Server\rewrite.php(43): require_once('FCPATH\\index.php')
